<!DOCTYPE html PUBLIC "-//W3C//DTD XHTML 1.1//EN" "https://www.w3.org/TR/xhtml11/DTD/xhtml11.dtd">
<html xmlns="https://www.w3.org/1999/xhtml">
<head>
<meta http-equiv="content-type" content="text/html; charset=UTF-8"/>
<title>TestNG Report</title>
<style type="text/css">table {margin-bottom:10px;border-collapse:collapse;empty-cells:show}th,td {border:1px solid #009;padding:.25em .5em}th {vertical-align:bottom}td {vertical-align:top}table a {font-weight:bold}.stripe td {background-color: #E6EBF9}.num {text-align:right}.passedodd td {background-color: #3F3}.passedeven td {background-color: #0A0}.skippedodd td {background-color: #DDD}.skippedeven td {background-color: #CCC}.failedodd td,.attn {background-color: #F33}.failedeven td,.stripe .attn {background-color: #D00}.stacktrace {white-space:pre;font-family:monospace}.totop {font-size:85%;text-align:center;border-bottom:2px solid #000}.invisible {display:none}</style>
</head>
<body>
<table>
<tr><th>Test</th><th># Passed</th><th># Skipped</th><th># Retried</th><th># Failed</th><th>Time (ms)</th><th>Included Groups</th><th>Excluded Groups</th></tr>
<tr><th colspan="8">Suite</th></tr>
<tr><td><a href="#t0">Test</a></td><td class="num">11</td><td class="num">0</td><td class="num attn">4</td><td class="num attn">4</td><td class="num">335,672</td><td></td><td></td></tr>
</table>
<table id='summary'><thead><tr><th>Class</th><th>Method</th><th>Start</th><th>Time (ms)</th></tr></thead><tbody><tr><th colspan="4">Suite</th></tr></tbody><tbody id="t0"><tr><th colspan="4">Test &#8212; failed</th></tr><tr class="failedeven"><td rowspan="1">ECommerce_TestCases.TestCase01</td><td><a href="#m0">User_Registration_Test</a></td><td rowspan="1">1733508126707</td><td rowspan="1">2681</td></tr><tr class="failedodd"><td rowspan="1">ECommerce_TestCases.TestCase06</td><td><a href="#m1">searching_Wt_Filters</a></td><td rowspan="1">1733508196318</td><td rowspan="1">13166</td></tr><tr class="failedeven"><td rowspan="1">ECommerce_TestCases.TestCase11_trial</td><td><a href="#m2">CheckOutProcess_CashOnDelivery_Method</a></td><td rowspan="1">1733508295247</td><td rowspan="1">36727</td></tr><tr class="failedodd"><td rowspan="1">ECommerce_TestCases.TestCase14</td><td><a href="#m3">WriteReviews</a></td><td rowspan="1">1733508412336</td><td rowspan="1">21786</td></tr><tr><th colspan="4">Test &#8212; retried</th></tr><tr class="retriedeven"><td rowspan="1">ECommerce_TestCases.TestCase01</td><td><a href="#m4">User_Registration_Test</a></td><td rowspan="1">1733508119513</td><td rowspan="1">3194</td></tr><tr class="retriedodd"><td rowspan="1">ECommerce_TestCases.TestCase06</td><td><a href="#m5">searching_Wt_Filters</a></td><td rowspan="1">1733508178388</td><td rowspan="1">13695</td></tr><tr class="retriedeven"><td rowspan="1">ECommerce_TestCases.TestCase09</td><td><a href="#m6">AddToCartTest_ProdctDeatils_Pg</a></td><td rowspan="1">1733508226063</td><td rowspan="1">11025</td></tr><tr class="retriedodd"><td rowspan="1">ECommerce_TestCases.TestCase14</td><td><a href="#m7">WriteReviews</a></td><td rowspan="1">1733508396056</td><td rowspan="1">12177</td></tr><tr><th colspan="4">Test &#8212; passed</th></tr><tr class="passedeven"><td rowspan="1">ECommerce_TestCases.TestCase02</td><td><a href="#m8">SignIn</a></td><td rowspan="1">1733508132803</td><td rowspan="1">5086</td></tr><tr class="passedodd"><td rowspan="2">ECommerce_TestCases.TestCase03</td><td><a href="#m9">SignIn_Invalid_Password</a></td><td rowspan="1">1733508141579</td><td rowspan="1">3883</td></tr><tr class="passedodd"><td><a href="#m10">SignIn_Invalid_UN</a></td><td rowspan="1">1733508149194</td><td rowspan="1">2026</td></tr><tr class="passedeven"><td rowspan="1">ECommerce_TestCases.TestCase04</td><td><a href="#m11">Edit_info_from_LoginSecurity</a></td><td rowspan="1">1733508154821</td><td rowspan="1">10220</td></tr><tr class="passedodd"><td rowspan="1">ECommerce_TestCases.TestCase05</td><td><a href="#m12">SearchProduct_Test</a></td><td rowspan="1">1733508169357</td><td rowspan="1">4698</td></tr><tr class="passedeven"><td rowspan="1">ECommerce_TestCases.TestCase07</td><td><a href="#m13">product_Info</a></td><td rowspan="1">1733508213520</td><td rowspan="1">9018</td></tr><tr class="passedodd"><td rowspan="1">ECommerce_TestCases.TestCase09</td><td><a href="#m14">AddToCartTest_ProdctDeatils_Pg</a></td><td rowspan="1">1733508240948</td><td rowspan="1">14190</td></tr><tr class="passedeven"><td rowspan="1">ECommerce_TestCases.TestCase10</td><td><a href="#m15">cartUpdateTest</a></td><td rowspan="1">1733508258960</td><td rowspan="1">32039</td></tr><tr class="passedodd"><td rowspan="1">ECommerce_TestCases.TestCase12</td><td><a href="#m16">PaymentMethod_Selection</a></td><td rowspan="1">1733508336183</td><td rowspan="1">33807</td></tr><tr class="passedeven"><td rowspan="1">ECommerce_TestCases.TestCase13</td><td><a href="#m17">CheckOutProcess_Enter_PromoCode</a></td><td rowspan="1">1733508374293</td><td rowspan="1">17941</td></tr><tr class="passedodd"><td rowspan="1">ECommerce_TestCases.TestCase15</td><td><a href="#m18">Reach_To_Cart_Test</a></td><td rowspan="1">1733508437944</td><td rowspan="1">12275</td></tr></tbody>
</table>
<h2>Test</h2><h3 id="m0">ECommerce_TestCases.TestCase01#User_Registration_Test</h3><table class="result"><tr><th>Messages</th></tr><tr><td><div class="messages">Test Started</div></td></tr><tr><th>Exception</th></tr><tr><td><div class="stacktrace">java.lang.AssertionError: expected [true] but found [false]
	at ECommerce_TestCases.TestCase01.User_Registration_Test(TestCase01.java:33)
	at java.base/java.util.ArrayList.forEach(ArrayList.java:1597)
	at java.base/java.util.concurrent.FutureTask.run(FutureTask.java:317)
	at java.base/java.util.concurrent.ThreadPoolExecutor.runWorker(ThreadPoolExecutor.java:1144)
	at java.base/java.util.concurrent.ThreadPoolExecutor$Worker.run(ThreadPoolExecutor.java:642)
	at java.base/java.lang.Thread.run(Thread.java:1570)
... Removed 22 stack frames</div></td></tr></table><p class="totop"><a href="#summary">back to summary</a></p>
<h3 id="m1">ECommerce_TestCases.TestCase06#searching_Wt_Filters</h3><table class="result"><tr><th>Messages</th></tr><tr><td><div class="messages">Test Started<br/>----------- Filter By Brand Test Pass -----------</div></td></tr><tr><th>Exception</th></tr><tr><td><div class="stacktrace">java.lang.AssertionError: filtered product list has wrong discount product expected [0] but found [5]
	at ECommerce_TestCases.TestCase06.searching_Wt_Filters(TestCase06.java:53)
	at java.base/java.util.ArrayList.forEach(ArrayList.java:1597)
	at java.base/java.util.concurrent.FutureTask.run(FutureTask.java:317)
	at java.base/java.util.concurrent.ThreadPoolExecutor.runWorker(ThreadPoolExecutor.java:1144)
	at java.base/java.util.concurrent.ThreadPoolExecutor$Worker.run(ThreadPoolExecutor.java:642)
	at java.base/java.lang.Thread.run(Thread.java:1570)
... Removed 21 stack frames</div></td></tr></table><p class="totop"><a href="#summary">back to summary</a></p>
<h3 id="m2">ECommerce_TestCases.TestCase11_trial#CheckOutProcess_CashOnDelivery_Method</h3><table class="result"><tr><th>Messages</th></tr><tr><td><div class="messages">Test Started</div></td></tr><tr><th>Exception</th></tr><tr><td><div class="stacktrace">org.openqa.selenium.NoSuchElementException: no such element: Unable to locate element: {&quot;method&quot;:&quot;xpath&quot;,&quot;selector&quot;:&quot;//span[@id=&apos;checkout-primary-continue-button-id&apos;]/span&quot;}
  (Session info: chrome=131.0.6778.109)
For documentation on this error, please visit: https://www.selenium.dev/documentation/webdriver/troubleshooting/errors#no-such-element-exception
Build info: version: &apos;4.25.0&apos;, revision: &apos;8a8aea2337&apos;
System info: os.name: &apos;Windows 11&apos;, os.arch: &apos;amd64&apos;, os.version: &apos;10.0&apos;, java.version: &apos;22.0.1&apos;
Driver info: org.openqa.selenium.chrome.ChromeDriver
Command: [47095a315976af193e982c6af6d42d7d, findElement {value=//span[@id=&apos;checkout-primary-continue-button-id&apos;]/span, using=xpath}]
Capabilities {acceptInsecureCerts: false, browserName: chrome, browserVersion: 131.0.6778.109, chrome: {chromedriverVersion: 131.0.6778.87 (ce31cae94873..., userDataDir: C:\WINDOWS\SystemTemp\scope...}, fedcm:accounts: true, goog:chromeOptions: {debuggerAddress: localhost:57228}, networkConnectionEnabled: false, pageLoadStrategy: normal, platformName: windows, proxy: Proxy(), se:cdp: ws://localhost:57228/devtoo..., se:cdpVersion: 131.0.6778.109, setWindowRect: true, strictFileInteractability: false, timeouts: {implicit: 0, pageLoad: 300000, script: 30000}, unhandledPromptBehavior: dismiss and notify, webauthn:extension:credBlob: true, webauthn:extension:largeBlob: true, webauthn:extension:minPinLength: true, webauthn:extension:prf: true, webauthn:virtualAuthenticators: true}
Session ID: 47095a315976af193e982c6af6d42d7d
	at org.openqa.selenium.remote.ErrorCodec.decode(ErrorCodec.java:167)
	at org.openqa.selenium.remote.codec.w3c.W3CHttpResponseCodec.decode(W3CHttpResponseCodec.java:138)
	at org.openqa.selenium.remote.codec.w3c.W3CHttpResponseCodec.decode(W3CHttpResponseCodec.java:50)
	at org.openqa.selenium.remote.HttpCommandExecutor.execute(HttpCommandExecutor.java:190)
	at org.openqa.selenium.remote.service.DriverCommandExecutor.invokeExecute(DriverCommandExecutor.java:216)
	at org.openqa.selenium.remote.service.DriverCommandExecutor.execute(DriverCommandExecutor.java:174)
	at org.openqa.selenium.remote.RemoteWebDriver.execute(RemoteWebDriver.java:545)
	at org.openqa.selenium.remote.ElementLocation$ElementFinder$2.findElement(ElementLocation.java:165)
	at org.openqa.selenium.remote.ElementLocation.findElement(ElementLocation.java:59)
	at org.openqa.selenium.remote.RemoteWebDriver.findElement(RemoteWebDriver.java:368)
	at org.openqa.selenium.remote.RemoteWebDriver.findElement(RemoteWebDriver.java:362)
	at org.openqa.selenium.support.pagefactory.DefaultElementLocator.findElement(DefaultElementLocator.java:68)
	at org.openqa.selenium.support.pagefactory.internal.LocatingElementHandler.invoke(LocatingElementHandler.java:38)
	at jdk.proxy2/jdk.proxy2.$Proxy11.click(Unknown Source)
	at ECommerce_Source.CheckOut_Page.useThisPayment(CheckOut_Page.java:156)
	at ECommerce_TestCases.TestCase11_trial.CheckOutProcess_CashOnDelivery_Method(TestCase11_trial.java:70)
	at java.base/java.util.ArrayList.forEach(ArrayList.java:1597)
	at java.base/java.util.concurrent.FutureTask.run(FutureTask.java:317)
	at java.base/java.util.concurrent.ThreadPoolExecutor.runWorker(ThreadPoolExecutor.java:1144)
	at java.base/java.util.concurrent.ThreadPoolExecutor$Worker.run(ThreadPoolExecutor.java:642)
	at java.base/java.lang.Thread.run(Thread.java:1570)
... Removed 18 stack frames</div></td></tr></table><p class="totop"><a href="#summary">back to summary</a></p>
<h3 id="m3">ECommerce_TestCases.TestCase14#WriteReviews</h3><table class="result"><tr><th>Messages</th></tr><tr><td><div class="messages">Test Started</div></td></tr><tr><th>Exception</th></tr><tr><td><div class="stacktrace">org.openqa.selenium.NoSuchElementException: no such element: Unable to locate element: {&quot;method&quot;:&quot;xpath&quot;,&quot;selector&quot;:&quot;(//span[.=&apos;Clear&apos;])[2]&quot;}
  (Session info: chrome=131.0.6778.109)
For documentation on this error, please visit: https://www.selenium.dev/documentation/webdriver/troubleshooting/errors#no-such-element-exception
Build info: version: &apos;4.25.0&apos;, revision: &apos;8a8aea2337&apos;
System info: os.name: &apos;Windows 11&apos;, os.arch: &apos;amd64&apos;, os.version: &apos;10.0&apos;, java.version: &apos;22.0.1&apos;
Driver info: org.openqa.selenium.chrome.ChromeDriver
Command: [7ec89e62e9ac445fe88c4059270879cb, findElement {value=(//span[.=&apos;Clear&apos;])[2], using=xpath}]
Capabilities {acceptInsecureCerts: false, browserName: chrome, browserVersion: 131.0.6778.109, chrome: {chromedriverVersion: 131.0.6778.87 (ce31cae94873..., userDataDir: C:\WINDOWS\SystemTemp\scope...}, fedcm:accounts: true, goog:chromeOptions: {debuggerAddress: localhost:57839}, networkConnectionEnabled: false, pageLoadStrategy: normal, platformName: windows, proxy: Proxy(), se:cdp: ws://localhost:57839/devtoo..., se:cdpVersion: 131.0.6778.109, setWindowRect: true, strictFileInteractability: false, timeouts: {implicit: 0, pageLoad: 300000, script: 30000}, unhandledPromptBehavior: dismiss and notify, webauthn:extension:credBlob: true, webauthn:extension:largeBlob: true, webauthn:extension:minPinLength: true, webauthn:extension:prf: true, webauthn:virtualAuthenticators: true}
Session ID: 7ec89e62e9ac445fe88c4059270879cb
	at org.openqa.selenium.remote.ErrorCodec.decode(ErrorCodec.java:167)
	at org.openqa.selenium.remote.codec.w3c.W3CHttpResponseCodec.decode(W3CHttpResponseCodec.java:138)
	at org.openqa.selenium.remote.codec.w3c.W3CHttpResponseCodec.decode(W3CHttpResponseCodec.java:50)
	at org.openqa.selenium.remote.HttpCommandExecutor.execute(HttpCommandExecutor.java:190)
	at org.openqa.selenium.remote.service.DriverCommandExecutor.invokeExecute(DriverCommandExecutor.java:216)
	at org.openqa.selenium.remote.service.DriverCommandExecutor.execute(DriverCommandExecutor.java:174)
	at org.openqa.selenium.remote.RemoteWebDriver.execute(RemoteWebDriver.java:545)
	at org.openqa.selenium.remote.ElementLocation$ElementFinder$2.findElement(ElementLocation.java:165)
	at org.openqa.selenium.remote.ElementLocation.findElement(ElementLocation.java:59)
	at org.openqa.selenium.remote.RemoteWebDriver.findElement(RemoteWebDriver.java:368)
	at org.openqa.selenium.remote.RemoteWebDriver.findElement(RemoteWebDriver.java:362)
	at org.openqa.selenium.support.pagefactory.DefaultElementLocator.findElement(DefaultElementLocator.java:68)
	at org.openqa.selenium.support.pagefactory.internal.LocatingElementHandler.invoke(LocatingElementHandler.java:38)
	at jdk.proxy2/jdk.proxy2.$Proxy11.isDisplayed(Unknown Source)
	at ECommerce_TestCases.TestCase14.WriteReviews(TestCase14.java:53)
	at java.base/java.util.ArrayList.forEach(ArrayList.java:1597)
	at java.base/java.util.concurrent.FutureTask.run(FutureTask.java:317)
	at java.base/java.util.concurrent.ThreadPoolExecutor.runWorker(ThreadPoolExecutor.java:1144)
	at java.base/java.util.concurrent.ThreadPoolExecutor$Worker.run(ThreadPoolExecutor.java:642)
	at java.base/java.lang.Thread.run(Thread.java:1570)
... Removed 18 stack frames</div></td></tr></table><p class="totop"><a href="#summary">back to summary</a></p>
<h3 id="m4">ECommerce_TestCases.TestCase01#User_Registration_Test</h3><table class="result"><tr><th>Messages</th></tr><tr><td><div class="messages">Test Started</div></td></tr><tr><th>Exception</th></tr><tr><td><div class="stacktrace">java.lang.AssertionError: expected [true] but found [false]
	at ECommerce_TestCases.TestCase01.User_Registration_Test(TestCase01.java:33)
	at java.base/java.util.ArrayList.forEach(ArrayList.java:1597)
	at java.base/java.util.concurrent.FutureTask.run(FutureTask.java:317)
	at java.base/java.util.concurrent.ThreadPoolExecutor.runWorker(ThreadPoolExecutor.java:1144)
	at java.base/java.util.concurrent.ThreadPoolExecutor$Worker.run(ThreadPoolExecutor.java:642)
	at java.base/java.lang.Thread.run(Thread.java:1570)
... Removed 22 stack frames</div></td></tr></table><p class="totop"><a href="#summary">back to summary</a></p>
<h3 id="m5">ECommerce_TestCases.TestCase06#searching_Wt_Filters</h3><table class="result"><tr><th>Messages</th></tr><tr><td><div class="messages">Test Started<br/>----------- Filter By Brand Test Pass -----------</div></td></tr><tr><th>Exception</th></tr><tr><td><div class="stacktrace">java.lang.AssertionError: filtered product list has wrong discount product expected [0] but found [5]
	at ECommerce_TestCases.TestCase06.searching_Wt_Filters(TestCase06.java:53)
	at java.base/java.util.ArrayList.forEach(ArrayList.java:1597)
	at java.base/java.util.concurrent.FutureTask.run(FutureTask.java:317)
	at java.base/java.util.concurrent.ThreadPoolExecutor.runWorker(ThreadPoolExecutor.java:1144)
	at java.base/java.util.concurrent.ThreadPoolExecutor$Worker.run(ThreadPoolExecutor.java:642)
	at java.base/java.lang.Thread.run(Thread.java:1570)
... Removed 21 stack frames</div></td></tr></table><p class="totop"><a href="#summary">back to summary</a></p>
<h3 id="m6">ECommerce_TestCases.TestCase09#AddToCartTest_ProdctDeatils_Pg</h3><table class="result"><tr><th>Messages</th></tr><tr><td><div class="messages">Test Started</div></td></tr><tr><th>Exception</th></tr><tr><td><div class="stacktrace">org.openqa.selenium.ElementNotInteractableException: element not interactable
  (Session info: chrome=131.0.6778.109)
Build info: version: &apos;4.25.0&apos;, revision: &apos;8a8aea2337&apos;
System info: os.name: &apos;Windows 11&apos;, os.arch: &apos;amd64&apos;, os.version: &apos;10.0&apos;, java.version: &apos;22.0.1&apos;
Driver info: org.openqa.selenium.chrome.ChromeDriver
Command: [121ca4bd0f9b045b94ec6e0c22328f10, clickElement {id=f.9A1E5ED369CEAF02D32581E567C8993D.d.02BBC6C70A409384B437D27F14AB035A.e.122}]
Capabilities {acceptInsecureCerts: false, browserName: chrome, browserVersion: 131.0.6778.109, chrome: {chromedriverVersion: 131.0.6778.87 (ce31cae94873..., userDataDir: C:\WINDOWS\SystemTemp\scope...}, fedcm:accounts: true, goog:chromeOptions: {debuggerAddress: localhost:56796}, networkConnectionEnabled: false, pageLoadStrategy: normal, platformName: windows, proxy: Proxy(), se:cdp: ws://localhost:56796/devtoo..., se:cdpVersion: 131.0.6778.109, setWindowRect: true, strictFileInteractability: false, timeouts: {implicit: 0, pageLoad: 300000, script: 30000}, unhandledPromptBehavior: dismiss and notify, webauthn:extension:credBlob: true, webauthn:extension:largeBlob: true, webauthn:extension:minPinLength: true, webauthn:extension:prf: true, webauthn:virtualAuthenticators: true}
Element: [[ChromeDriver: chrome on windows (121ca4bd0f9b045b94ec6e0c22328f10)] -&gt; xpath: (//a[.=&apos;Sign in&apos;])[1]]
Session ID: 121ca4bd0f9b045b94ec6e0c22328f10
	at org.openqa.selenium.remote.ErrorCodec.decode(ErrorCodec.java:167)
	at org.openqa.selenium.remote.codec.w3c.W3CHttpResponseCodec.decode(W3CHttpResponseCodec.java:138)
	at org.openqa.selenium.remote.codec.w3c.W3CHttpResponseCodec.decode(W3CHttpResponseCodec.java:50)
	at org.openqa.selenium.remote.HttpCommandExecutor.execute(HttpCommandExecutor.java:190)
	at org.openqa.selenium.remote.service.DriverCommandExecutor.invokeExecute(DriverCommandExecutor.java:216)
	at org.openqa.selenium.remote.service.DriverCommandExecutor.execute(DriverCommandExecutor.java:174)
	at org.openqa.selenium.remote.RemoteWebDriver.execute(RemoteWebDriver.java:545)
	at org.openqa.selenium.remote.RemoteWebElement.execute(RemoteWebElement.java:223)
	at org.openqa.selenium.remote.RemoteWebElement.click(RemoteWebElement.java:76)
	at org.openqa.selenium.support.pagefactory.internal.LocatingElementHandler.invoke(LocatingElementHandler.java:51)
	at jdk.proxy2/jdk.proxy2.$Proxy11.click(Unknown Source)
	at ECommerce_Source.HomePage.Sign_In(HomePage.java:73)
	at ECommerce_TestCases.TestCase09.AddToCartTest_ProdctDeatils_Pg(TestCase09.java:33)
	at java.base/java.util.ArrayList.forEach(ArrayList.java:1597)
	at java.base/java.util.concurrent.FutureTask.run(FutureTask.java:317)
	at java.base/java.util.concurrent.ThreadPoolExecutor.runWorker(ThreadPoolExecutor.java:1144)
	at java.base/java.util.concurrent.ThreadPoolExecutor$Worker.run(ThreadPoolExecutor.java:642)
	at java.base/java.lang.Thread.run(Thread.java:1570)
... Removed 20 stack frames</div></td></tr></table><p class="totop"><a href="#summary">back to summary</a></p>
<h3 id="m7">ECommerce_TestCases.TestCase14#WriteReviews</h3><table class="result"><tr><th>Messages</th></tr><tr><td><div class="messages">Test Started</div></td></tr><tr><th>Exception</th></tr><tr><td><div class="stacktrace">org.openqa.selenium.json.JsonException: java.lang.reflect.InvocationTargetException
Build info: version: &apos;4.25.0&apos;, revision: &apos;8a8aea2337&apos;
System info: os.name: &apos;Windows 11&apos;, os.arch: &apos;amd64&apos;, os.version: &apos;10.0&apos;, java.version: &apos;22.0.1&apos;
Driver info: org.openqa.selenium.chrome.ChromeDriver
Command: [653d96dc95deefc65803eb4951c1465b, actions {actions=[org.openqa.selenium.interactions.Sequence@285ac80c]}]
Capabilities {acceptInsecureCerts: false, browserName: chrome, browserVersion: 131.0.6778.109, chrome: {chromedriverVersion: 131.0.6778.87 (ce31cae94873..., userDataDir: C:\WINDOWS\SystemTemp\scope...}, fedcm:accounts: true, goog:chromeOptions: {debuggerAddress: localhost:57761}, networkConnectionEnabled: false, pageLoadStrategy: normal, platformName: windows, proxy: Proxy(), se:cdp: ws://localhost:57761/devtoo..., se:cdpVersion: 131.0.6778.109, setWindowRect: true, strictFileInteractability: false, timeouts: {implicit: 0, pageLoad: 300000, script: 30000}, unhandledPromptBehavior: dismiss and notify, webauthn:extension:credBlob: true, webauthn:extension:largeBlob: true, webauthn:extension:minPinLength: true, webauthn:extension:prf: true, webauthn:virtualAuthenticators: true}
Session ID: 653d96dc95deefc65803eb4951c1465b
	at org.openqa.selenium.json.JsonOutput.convertUsingMethod(JsonOutput.java:520)
	at org.openqa.selenium.json.JsonOutput.lambda$new$16(JsonOutput.java:182)
	at org.openqa.selenium.json.JsonOutput.write0(JsonOutput.java:409)
	at org.openqa.selenium.json.JsonOutput.lambda$new$22(JsonOutput.java:204)
	at java.base/java.util.stream.ForEachOps$ForEachOp$OfRef.accept(ForEachOps.java:184)
	at java.base/java.util.stream.ReferencePipeline$2$1.accept(ReferencePipeline.java:194)
	at java.base/java.util.Iterator.forEachRemaining(Iterator.java:133)
	at java.base/java.util.Spliterators$IteratorSpliterator.forEachRemaining(Spliterators.java:1939)
	at java.base/java.util.stream.AbstractPipeline.copyInto(AbstractPipeline.java:556)
	at java.base/java.util.stream.AbstractPipeline.wrapAndCopyInto(AbstractPipeline.java:546)
	at java.base/java.util.stream.ForEachOps$ForEachOp.evaluateSequential(ForEachOps.java:151)
	at java.base/java.util.stream.ForEachOps$ForEachOp$OfRef.evaluateSequential(ForEachOps.java:174)
	at java.base/java.util.stream.AbstractPipeline.evaluate(AbstractPipeline.java:265)
	at java.base/java.util.stream.ReferencePipeline.forEach(ReferencePipeline.java:611)
	at org.openqa.selenium.json.JsonOutput.lambda$new$23(JsonOutput.java:204)
	at org.openqa.selenium.json.JsonOutput.write0(JsonOutput.java:409)
	at org.openqa.selenium.json.JsonOutput.lambda$new$24(JsonOutput.java:222)
	at java.base/java.util.Map.forEach(Map.java:733)
	at org.openqa.selenium.json.JsonOutput.lambda$new$25(JsonOutput.java:217)
	at org.openqa.selenium.json.JsonOutput.write0(JsonOutput.java:409)
	at org.openqa.selenium.json.JsonOutput.write(JsonOutput.java:400)
	at org.openqa.selenium.json.Json.toJson(Json.java:133)
	at org.openqa.selenium.json.Json.toJson(Json.java:119)
	at org.openqa.selenium.remote.codec.AbstractHttpCommandCodec.encode(AbstractHttpCommandCodec.java:245)
	at org.openqa.selenium.remote.codec.AbstractHttpCommandCodec.encode(AbstractHttpCommandCodec.java:111)
	at org.openqa.selenium.remote.HttpCommandExecutor.execute(HttpCommandExecutor.java:178)
	at org.openqa.selenium.remote.service.DriverCommandExecutor.invokeExecute(DriverCommandExecutor.java:216)
	at org.openqa.selenium.remote.service.DriverCommandExecutor.execute(DriverCommandExecutor.java:174)
	at org.openqa.selenium.remote.RemoteWebDriver.execute(RemoteWebDriver.java:545)
	at org.openqa.selenium.remote.RemoteWebDriver.perform(RemoteWebDriver.java:631)
	at org.openqa.selenium.interactions.Actions$BuiltAction.perform(Actions.java:613)
	at org.openqa.selenium.interactions.Actions.perform(Actions.java:578)
	at ECommerce_Source.HomePage.acAndList(HomePage.java:53)
	at ECommerce_TestCases.TestCase14.WriteReviews(TestCase14.java:39)
	at java.base/java.util.ArrayList.forEach(ArrayList.java:1597)
	at java.base/java.util.concurrent.FutureTask.run(FutureTask.java:317)
	at java.base/java.util.concurrent.ThreadPoolExecutor.runWorker(ThreadPoolExecutor.java:1144)
	at java.base/java.util.concurrent.ThreadPoolExecutor$Worker.run(ThreadPoolExecutor.java:642)
	at java.base/java.lang.Thread.run(Thread.java:1570)
	Suppressed: org.openqa.selenium.json.JsonException: Attempting to close incomplete json stream
Build info: version: &apos;4.25.0&apos;, revision: &apos;8a8aea2337&apos;
System info: os.name: &apos;Windows 11&apos;, os.arch: &apos;amd64&apos;, os.version: &apos;10.0&apos;, java.version: &apos;22.0.1&apos;
Driver info: driver.version: RemoteWebDriver
		at org.openqa.selenium.json.JsonOutput.close(JsonOutput.java:431)
		at org.openqa.selenium.json.Json.toJson(Json.java:131)
		... 32 more
	at org.openqa.selenium.json.JsonOutput.convertUsingMethod(JsonOutput.java:516)
	... 53 more
Caused by: org.openqa.selenium.NoSuchElementException: no such element: Unable to locate element: {&quot;method&quot;:&quot;xpath&quot;,&quot;selector&quot;:&quot;//span[@class=&apos;nav-line-2 &apos;]&quot;}
  (Session info: chrome=131.0.6778.109)
For documentation on this error, please visit: https://www.selenium.dev/documentation/webdriver/troubleshooting/errors#no-such-element-exception
Build info: version: &apos;4.25.0&apos;, revision: &apos;8a8aea2337&apos;
System info: os.name: &apos;Windows 11&apos;, os.arch: &apos;amd64&apos;, os.version: &apos;10.0&apos;, java.version: &apos;22.0.1&apos;
Driver info: org.openqa.selenium.chrome.ChromeDriver
Command: [653d96dc95deefc65803eb4951c1465b, findElement {value=//span[@class=&apos;nav-line-2 &apos;], using=xpath}]
Capabilities {acceptInsecureCerts: false, browserName: chrome, browserVersion: 131.0.6778.109, chrome: {chromedriverVersion: 131.0.6778.87 (ce31cae94873..., userDataDir: C:\WINDOWS\SystemTemp\scope...}, fedcm:accounts: true, goog:chromeOptions: {debuggerAddress: localhost:57761}, networkConnectionEnabled: false, pageLoadStrategy: normal, platformName: windows, proxy: Proxy(), se:cdp: ws://localhost:57761/devtoo..., se:cdpVersion: 131.0.6778.109, setWindowRect: true, strictFileInteractability: false, timeouts: {implicit: 0, pageLoad: 300000, script: 30000}, unhandledPromptBehavior: dismiss and notify, webauthn:extension:credBlob: true, webauthn:extension:largeBlob: true, webauthn:extension:minPinLength: true, webauthn:extension:prf: true, webauthn:virtualAuthenticators: true}
Session ID: 653d96dc95deefc65803eb4951c1465b
	at org.openqa.selenium.remote.ErrorCodec.decode(ErrorCodec.java:167)
	at org.openqa.selenium.remote.codec.w3c.W3CHttpResponseCodec.decode(W3CHttpResponseCodec.java:138)
	at org.openqa.selenium.remote.codec.w3c.W3CHttpResponseCodec.decode(W3CHttpResponseCodec.java:50)
	at org.openqa.selenium.remote.HttpCommandExecutor.execute(HttpCommandExecutor.java:190)
	at org.openqa.selenium.remote.service.DriverCommandExecutor.invokeExecute(DriverCommandExecutor.java:216)
	at org.openqa.selenium.remote.service.DriverCommandExecutor.execute(DriverCommandExecutor.java:174)
	at org.openqa.selenium.remote.RemoteWebDriver.execute(RemoteWebDriver.java:545)
	at org.openqa.selenium.remote.ElementLocation$ElementFinder$2.findElement(ElementLocation.java:165)
	at org.openqa.selenium.remote.ElementLocation.findElement(ElementLocation.java:59)
	at org.openqa.selenium.remote.RemoteWebDriver.findElement(RemoteWebDriver.java:368)
	at org.openqa.selenium.remote.RemoteWebDriver.findElement(RemoteWebDriver.java:362)
	at org.openqa.selenium.support.pagefactory.DefaultElementLocator.findElement(DefaultElementLocator.java:68)
	at org.openqa.selenium.support.pagefactory.internal.LocatingElementHandler.invoke(LocatingElementHandler.java:38)
	at jdk.proxy2/jdk.proxy2.$Proxy11.getWrappedElement(Unknown Source)
	at org.openqa.selenium.interactions.PointerInput$Origin.asArg(PointerInput.java:259)
	at org.openqa.selenium.interactions.PointerInput$Move.encode(PointerInput.java:208)
	at org.openqa.selenium.interactions.Sequence.encode(Sequence.java:72)
	at org.openqa.selenium.interactions.Sequence.toJson(Sequence.java:81)
	... 55 more
... Removed 22 stack frames</div></td></tr></table><p class="totop"><a href="#summary">back to summary</a></p>
<h3 id="m8">ECommerce_TestCases.TestCase02#SignIn</h3><table class="result"><tr><th>Messages</th></tr><tr><td><div class="messages">Test Started<br/>Logged In Successfully<br/>Test Passed successfuly</div></td></tr></table><p class="totop"><a href="#summary">back to summary</a></p>
<h3 id="m9">ECommerce_TestCases.TestCase03#SignIn_Invalid_Password</h3><table class="result"><tr><th>Messages</th></tr><tr><td><div class="messages">Test Started<br/>There was a problem
Your password is incorrect<br/>Test Passed successfuly</div></td></tr></table><p class="totop"><a href="#summary">back to summary</a></p>
<h3 id="m10">ECommerce_TestCases.TestCase03#SignIn_Invalid_UN</h3><table class="result"><tr><th>Messages</th></tr><tr><td><div class="messages">Test Started<br/>Incorrect phone number
We cannot find an account with that mobile number<br/>Test Passed successfuly</div></td></tr></table><p class="totop"><a href="#summary">back to summary</a></p>
<h3 id="m11">ECommerce_TestCases.TestCase04#Edit_info_from_LoginSecurity</h3><table class="result"><tr><th>Messages</th></tr><tr><td><div class="messages">Test Started<br/>Test Passed successfuly</div></td></tr></table><p class="totop"><a href="#summary">back to summary</a></p>
<h3 id="m12">ECommerce_TestCases.TestCase05#SearchProduct_Test</h3><table class="result"><tr><th>Messages</th></tr><tr><td><div class="messages">Test Started<br/>Test Passed successfuly</div></td></tr></table><p class="totop"><a href="#summary">back to summary</a></p>
<h3 id="m13">ECommerce_TestCases.TestCase07#product_Info</h3><table class="result"><tr><th>Messages</th></tr><tr><td><div class="messages">Test Started<br/>All Product Details are present<br/>Test Passed successfuly</div></td></tr></table><p class="totop"><a href="#summary">back to summary</a></p>
<h3 id="m14">ECommerce_TestCases.TestCase09#AddToCartTest_ProdctDeatils_Pg</h3><table class="result"><tr><th>Messages</th></tr><tr><td><div class="messages">Test Started<br/>Test Passed successfuly</div></td></tr></table><p class="totop"><a href="#summary">back to summary</a></p>
<h3 id="m15">ECommerce_TestCases.TestCase10#cartUpdateTest</h3><table class="result"><tr><th>Messages</th></tr><tr><td><div class="messages">Test Started<br/>Test Passed successfuly</div></td></tr></table><p class="totop"><a href="#summary">back to summary</a></p>
<h3 id="m16">ECommerce_TestCases.TestCase12#PaymentMethod_Selection</h3><table class="result"><tr><th>Messages</th></tr><tr><td><div class="messages">Test Started<br/>Test Passed successfuly</div></td></tr></table><p class="totop"><a href="#summary">back to summary</a></p>
<h3 id="m17">ECommerce_TestCases.TestCase13#CheckOutProcess_Enter_PromoCode</h3><table class="result"><tr><th>Messages</th></tr><tr><td><div class="messages">Test Started<br/>Test Passed successfuly</div></td></tr></table><p class="totop"><a href="#summary">back to summary</a></p>
<h3 id="m18">ECommerce_TestCases.TestCase15#Reach_To_Cart_Test</h3><table class="result"><tr><th>Messages</th></tr><tr><td><div class="messages">Test Started<br/>Test Passed successfuly</div></td></tr></table><p class="totop"><a href="#summary">back to summary</a></p>
</body>
</html>
