<!DOCTYPE html>

<html>
  <head>
  <meta charset='utf-8'>
  <title>TestNG reports</title>

    <link type="text/css" href="testng-reports1.css" rel="stylesheet" id="ultra" />
    <link type="text/css" href="testng-reports.css" rel="stylesheet" id="retro" disabled="false"/>
    <script type="text/javascript" src="jquery-3.6.0.min.js"></script>
    <script type="text/javascript" src="testng-reports.js"></script>
    <script type="text/javascript" src="https://www.google.com/jsapi"></script>
    <script type='text/javascript'>
      google.load('visualization', '1', {packages:['table']});
      google.setOnLoadCallback(drawTable);
      var suiteTableInitFunctions = new Array();
      var suiteTableData = new Array();
    </script>
    <!--
      <script type="text/javascript" src="jquery-ui/js/jquery-ui-1.8.16.custom.min.js"></script>
     -->
  </head>

  <body>    <div class="top-banner-root">
      <span class="top-banner-title-font">Test results</span>
      <button id="button" class="button">Switch Retro Theme</button> <!-- button -->
      <br/>
      <span class="top-banner-font-1">1 suite, 2 failed tests</span>
    </div> <!-- top-banner-root -->
    <div class="navigator-root">
      <div class="navigator-suite-header">
        <span>All suites</span>
        <a href="#" title="Collapse/expand all the suites" class="collapse-all-link">
          <img src="collapseall.gif" class="collapse-all-icon">
          </img> <!-- collapse-all-icon -->
        </a> <!-- collapse-all-link -->
      </div> <!-- navigator-suite-header -->
      <div class="suite">
        <div class="rounded-window">
          <div class="suite-header light-rounded-window-top">
            <a href="#" panel-name="suite-Suite" class="navigator-link">
              <span class="suite-name border-failed">Suite</span>
            </a> <!-- navigator-link -->
          </div> <!-- suite-header light-rounded-window-top -->
          <div class="navigator-suite-content">
            <div class="suite-section-title">
              <span>Info</span>
            </div> <!-- suite-section-title -->
            <div class="suite-section-content">
              <ul>
                <li>
                  <a href="#" panel-name="test-xml-Suite" class="navigator-link ">
                    <span>C:\Users\nandr\eclipse-workspace\Ecommerce\testng.xml</span>
                  </a> <!-- navigator-link  -->
                </li>
                <li>
                  <a href="#" panel-name="testlist-Suite" class="navigator-link ">
                    <span class="test-stats">1 test</span>
                  </a> <!-- navigator-link  -->
                </li>
                <li>
                  <a href="#" panel-name="group-Suite" class="navigator-link ">
                    <span>0 groups</span>
                  </a> <!-- navigator-link  -->
                </li>
                <li>
                  <a href="#" panel-name="times-Suite" class="navigator-link ">
                    <span>Times</span>
                  </a> <!-- navigator-link  -->
                </li>
                <li>
                  <a href="#" panel-name="reporter-Suite" class="navigator-link ">
                    <span>Reporter output</span>
                  </a> <!-- navigator-link  -->
                </li>
                <li>
                  <a href="#" panel-name="ignored-methods-Suite" class="navigator-link ">
                    <span>Ignored methods</span>
                  </a> <!-- navigator-link  -->
                </li>
                <li>
                  <a href="#" panel-name="chronological-Suite" class="navigator-link ">
                    <span>Chronological view</span>
                  </a> <!-- navigator-link  -->
                </li>
              </ul>
            </div> <!-- suite-section-content -->
            <div class="result-section">
              <div class="suite-section-title">
                <span>Results</span>
              </div> <!-- suite-section-title -->
              <div class="suite-section-content">
                <ul>
                  <li>
                    <span class="method-stats">21 methods, 2 failed,  5 skipped,  14 passed</span>
                  </li>
                  <li>
                    <span class="method-list-title failed">Failed methods</span>
                    <span class="show-or-hide-methods failed">
                      <a href="#" panel-name="suite-Suite" class="hide-methods failed suite-Suite"> (hide)</a> <!-- hide-methods failed suite-Suite -->
                      <a href="#" panel-name="suite-Suite" class="show-methods failed suite-Suite"> (show)</a> <!-- show-methods failed suite-Suite -->
                    </span>
                    <div class="method-list-content failed suite-Suite">
                      <span>
                        <img src="failed.png" width="3%"/>
                        <a href="#" panel-name="suite-Suite" title="ECommerce_TestCases.TestCase08_trial" class="method navigator-link" hash-for-method="Sorting_Product_ByPrice_LtoH">Sorting_Product_ByPrice_LtoH</a> <!-- method navigator-link -->
                      </span>
                      <br/>
                      <span>
                        <img src="failed.png" width="3%"/>
                        <a href="#" panel-name="suite-Suite" title="ECommerce_TestCases.TestCase06" class="method navigator-link" hash-for-method="searching_Wt_Filters">searching_Wt_Filters</a> <!-- method navigator-link -->
                      </span>
                      <br/>
                    </div> <!-- method-list-content failed suite-Suite -->
                  </li>
                  <li>
                    <span class="method-list-title skipped">Retried methods</span>
                    <span class="show-or-hide-methods skipped">
                      <a href="#" panel-name="suite-Suite" class="hide-methods skipped suite-Suite"> (hide)</a> <!-- hide-methods skipped suite-Suite -->
                      <a href="#" panel-name="suite-Suite" class="show-methods skipped suite-Suite"> (show)</a> <!-- show-methods skipped suite-Suite -->
                    </span>
                    <div class="method-list-content skipped suite-Suite">
                      <span>
                        <img src="skipped.png" width="3%"/>
                        <a href="#" panel-name="suite-Suite" title="ECommerce_TestCases.TestCase09" class="method navigator-link" hash-for-method="AddToCartTest_ProdctDeatils_Pg">AddToCartTest_ProdctDeatils_Pg</a> <!-- method navigator-link -->
                      </span>
                      <br/>
                      <span>
                        <img src="skipped.png" width="3%"/>
                        <a href="#" panel-name="suite-Suite" title="ECommerce_TestCases.TestCase11_trial" class="method navigator-link" hash-for-method="CheckOutProcess">CheckOutProcess</a> <!-- method navigator-link -->
                      </span>
                      <br/>
                      <span>
                        <img src="skipped.png" width="3%"/>
                        <a href="#" panel-name="suite-Suite" title="ECommerce_TestCases.TestCase12" class="method navigator-link" hash-for-method="PaymentMethod_Selection">PaymentMethod_Selection</a> <!-- method navigator-link -->
                      </span>
                      <br/>
                      <span>
                        <img src="skipped.png" width="3%"/>
                        <a href="#" panel-name="suite-Suite" title="ECommerce_TestCases.TestCase01" class="method navigator-link" hash-for-method="User_Registration_Test">User_Registration_Test</a> <!-- method navigator-link -->
                      </span>
                      <br/>
                      <span>
                        <img src="skipped.png" width="3%"/>
                        <a href="#" panel-name="suite-Suite" title="ECommerce_TestCases.TestCase06" class="method navigator-link" hash-for-method="searching_Wt_Filters">searching_Wt_Filters</a> <!-- method navigator-link -->
                      </span>
                      <br/>
                    </div> <!-- method-list-content skipped suite-Suite -->
                  </li>
                  <li>
                    <span class="method-list-title passed">Passed methods</span>
                    <span class="show-or-hide-methods passed">
                      <a href="#" panel-name="suite-Suite" class="hide-methods passed suite-Suite"> (hide)</a> <!-- hide-methods passed suite-Suite -->
                      <a href="#" panel-name="suite-Suite" class="show-methods passed suite-Suite"> (show)</a> <!-- show-methods passed suite-Suite -->
                    </span>
                    <div class="method-list-content passed suite-Suite">
                      <span>
                        <img src="passed.png" width="3%"/>
                        <a href="#" panel-name="suite-Suite" title="ECommerce_TestCases.TestCase09" class="method navigator-link" hash-for-method="AddToCartTest_ProdctDeatils_Pg">AddToCartTest_ProdctDeatils_Pg</a> <!-- method navigator-link -->
                      </span>
                      <br/>
                      <span>
                        <img src="passed.png" width="3%"/>
                        <a href="#" panel-name="suite-Suite" title="ECommerce_TestCases.TestCase11_trial" class="method navigator-link" hash-for-method="CheckOutProcess">CheckOutProcess</a> <!-- method navigator-link -->
                      </span>
                      <br/>
                      <span>
                        <img src="passed.png" width="3%"/>
                        <a href="#" panel-name="suite-Suite" title="ECommerce_TestCases.TestCase13" class="method navigator-link" hash-for-method="CheckOutProcess_Enter_PromoCode">CheckOutProcess_Enter_PromoCode</a> <!-- method navigator-link -->
                      </span>
                      <br/>
                      <span>
                        <img src="passed.png" width="3%"/>
                        <a href="#" panel-name="suite-Suite" title="ECommerce_TestCases.TestCase04" class="method navigator-link" hash-for-method="Edit_info_from_LoginSecurity">Edit_info_from_LoginSecurity</a> <!-- method navigator-link -->
                      </span>
                      <br/>
                      <span>
                        <img src="passed.png" width="3%"/>
                        <a href="#" panel-name="suite-Suite" title="ECommerce_TestCases.TestCase12" class="method navigator-link" hash-for-method="PaymentMethod_Selection">PaymentMethod_Selection</a> <!-- method navigator-link -->
                      </span>
                      <br/>
                      <span>
                        <img src="passed.png" width="3%"/>
                        <a href="#" panel-name="suite-Suite" title="ECommerce_TestCases.TestCase15" class="method navigator-link" hash-for-method="Reach_To_Cart_Test">Reach_To_Cart_Test</a> <!-- method navigator-link -->
                      </span>
                      <br/>
                      <span>
                        <img src="passed.png" width="3%"/>
                        <a href="#" panel-name="suite-Suite" title="ECommerce_TestCases.TestCase05" class="method navigator-link" hash-for-method="SearchProduct_Test">SearchProduct_Test</a> <!-- method navigator-link -->
                      </span>
                      <br/>
                      <span>
                        <img src="passed.png" width="3%"/>
                        <a href="#" panel-name="suite-Suite" title="ECommerce_TestCases.TestCase02" class="method navigator-link" hash-for-method="SignIn">SignIn</a> <!-- method navigator-link -->
                      </span>
                      <br/>
                      <span>
                        <img src="passed.png" width="3%"/>
                        <a href="#" panel-name="suite-Suite" title="ECommerce_TestCases.TestCase03" class="method navigator-link" hash-for-method="SignIn_Invalid_Password">SignIn_Invalid_Password</a> <!-- method navigator-link -->
                      </span>
                      <br/>
                      <span>
                        <img src="passed.png" width="3%"/>
                        <a href="#" panel-name="suite-Suite" title="ECommerce_TestCases.TestCase03" class="method navigator-link" hash-for-method="SignIn_Invalid_UN">SignIn_Invalid_UN</a> <!-- method navigator-link -->
                      </span>
                      <br/>
                      <span>
                        <img src="passed.png" width="3%"/>
                        <a href="#" panel-name="suite-Suite" title="ECommerce_TestCases.TestCase01" class="method navigator-link" hash-for-method="User_Registration_Test">User_Registration_Test</a> <!-- method navigator-link -->
                      </span>
                      <br/>
                      <span>
                        <img src="passed.png" width="3%"/>
                        <a href="#" panel-name="suite-Suite" title="ECommerce_TestCases.TestCase14" class="method navigator-link" hash-for-method="WriteReviews">WriteReviews</a> <!-- method navigator-link -->
                      </span>
                      <br/>
                      <span>
                        <img src="passed.png" width="3%"/>
                        <a href="#" panel-name="suite-Suite" title="ECommerce_TestCases.TestCase10" class="method navigator-link" hash-for-method="cartUpdateTest">cartUpdateTest</a> <!-- method navigator-link -->
                      </span>
                      <br/>
                      <span>
                        <img src="passed.png" width="3%"/>
                        <a href="#" panel-name="suite-Suite" title="ECommerce_TestCases.TestCase07" class="method navigator-link" hash-for-method="product_Info">product_Info</a> <!-- method navigator-link -->
                      </span>
                      <br/>
                    </div> <!-- method-list-content passed suite-Suite -->
                  </li>
                </ul>
              </div> <!-- suite-section-content -->
            </div> <!-- result-section -->
          </div> <!-- navigator-suite-content -->
        </div> <!-- rounded-window -->
      </div> <!-- suite -->
    </div> <!-- navigator-root -->
    <div class="wrapper">
      <div class="main-panel-root">
        <div panel-name="suite-Suite" class="panel Suite">
          <div class="suite-Suite-class-failed">
            <div class="main-panel-header rounded-window-top">
              <img src="failed.png"/>
              <span class="class-name">ECommerce_TestCases.TestCase06</span>
            </div> <!-- main-panel-header rounded-window-top -->
            <div class="main-panel-content rounded-window-bottom">
              <div class="method">
                <div class="method-content">
                  <a name="searching_Wt_Filters">
                  </a> <!-- searching_Wt_Filters -->
                  <span class="method-name">searching_Wt_Filters</span>
                  <div class="stack-trace">java.lang.AssertionError: The following asserts failed:
	TestCase 06 - Filter by discount Failed expected [0] but found [3]
	at ECommerce_TestCases.TestCase06.searching_Wt_Filters(TestCase06.java:52)
	at java.base/java.util.ArrayList.forEach(ArrayList.java:1597)
	at java.base/java.util.concurrent.FutureTask.run(FutureTask.java:317)
	at java.base/java.util.concurrent.ThreadPoolExecutor.runWorker(ThreadPoolExecutor.java:1144)
	at java.base/java.util.concurrent.ThreadPoolExecutor$Worker.run(ThreadPoolExecutor.java:642)
	at java.base/java.lang.Thread.run(Thread.java:1570)
... Removed 17 stack frames
</div> <!-- stack-trace -->
                </div> <!-- method-content -->
              </div> <!-- method -->
            </div> <!-- main-panel-content rounded-window-bottom -->
          </div> <!-- suite-Suite-class-failed -->
          <div class="suite-Suite-class-failed">
            <div class="main-panel-header rounded-window-top">
              <img src="failed.png"/>
              <span class="class-name">ECommerce_TestCases.TestCase08_trial</span>
            </div> <!-- main-panel-header rounded-window-top -->
            <div class="main-panel-content rounded-window-bottom">
              <div class="method">
                <div class="method-content">
                  <a name="Sorting_Product_ByPrice_LtoH">
                  </a> <!-- Sorting_Product_ByPrice_LtoH -->
                  <span class="method-name">Sorting_Product_ByPrice_LtoH</span>
                  <div class="stack-trace">java.lang.AssertionError: TestCase 08 - Failed - Price Sorting L to H failed expected [0] but found [4]
	at ECommerce_TestCases.TestCase08_trial.Sorting_Product_ByPrice_LtoH(TestCase08_trial.java:56)
	at java.base/java.util.ArrayList.forEach(ArrayList.java:1597)
	at java.base/java.util.concurrent.FutureTask.run(FutureTask.java:317)
	at java.base/java.util.concurrent.ThreadPoolExecutor.runWorker(ThreadPoolExecutor.java:1144)
	at java.base/java.util.concurrent.ThreadPoolExecutor$Worker.run(ThreadPoolExecutor.java:642)
	at java.base/java.lang.Thread.run(Thread.java:1570)
... Removed 21 stack frames
</div> <!-- stack-trace -->
                </div> <!-- method-content -->
              </div> <!-- method -->
            </div> <!-- main-panel-content rounded-window-bottom -->
          </div> <!-- suite-Suite-class-failed -->
          <div class="suite-Suite-class-skipped">
            <div class="main-panel-header rounded-window-top">
              <img src="skipped.png"/>
              <span class="class-name">ECommerce_TestCases.TestCase09</span>
            </div> <!-- main-panel-header rounded-window-top -->
            <div class="main-panel-content rounded-window-bottom">
              <div class="method">
                <div class="method-content">
                  <a name="AddToCartTest_ProdctDeatils_Pg">
                  </a> <!-- AddToCartTest_ProdctDeatils_Pg -->
                  <span class="method-name">AddToCartTest_ProdctDeatils_Pg</span>
                  <div class="stack-trace">org.openqa.selenium.json.JsonException: java.lang.reflect.InvocationTargetException
Build info: version: &apos;4.25.0&apos;, revision: &apos;8a8aea2337&apos;
System info: os.name: &apos;Windows 11&apos;, os.arch: &apos;amd64&apos;, os.version: &apos;10.0&apos;, java.version: &apos;22.0.1&apos;
Driver info: org.openqa.selenium.chrome.ChromeDriver
Command: [ad34a2a2a9c25c3b712af8a0a1c76a2c, actions {actions=[org.openqa.selenium.interactions.Sequence@256fea5c]}]
Capabilities {acceptInsecureCerts: false, browserName: chrome, browserVersion: 132.0.6834.111, chrome: {chromedriverVersion: 132.0.6834.159 (2d77d3fc445..., userDataDir: C:\WINDOWS\SystemTemp\scope...}, fedcm:accounts: true, goog:chromeOptions: {debuggerAddress: localhost:51601}, networkConnectionEnabled: false, pageLoadStrategy: normal, platformName: windows, proxy: Proxy(), se:cdp: ws://localhost:51601/devtoo..., se:cdpVersion: 132.0.6834.111, setWindowRect: true, strictFileInteractability: false, timeouts: {implicit: 0, pageLoad: 300000, script: 30000}, unhandledPromptBehavior: dismiss and notify, webauthn:extension:credBlob: true, webauthn:extension:largeBlob: true, webauthn:extension:minPinLength: true, webauthn:extension:prf: true, webauthn:virtualAuthenticators: true}
Session ID: ad34a2a2a9c25c3b712af8a0a1c76a2c
	at org.openqa.selenium.json.JsonOutput.convertUsingMethod(JsonOutput.java:520)
	at org.openqa.selenium.json.JsonOutput.lambda$new$16(JsonOutput.java:182)
	at org.openqa.selenium.json.JsonOutput.write0(JsonOutput.java:409)
	at org.openqa.selenium.json.JsonOutput.lambda$new$22(JsonOutput.java:204)
	at java.base/java.util.stream.ForEachOps$ForEachOp$OfRef.accept(ForEachOps.java:184)
	at java.base/java.util.stream.ReferencePipeline$2$1.accept(ReferencePipeline.java:194)
	at java.base/java.util.Iterator.forEachRemaining(Iterator.java:133)
	at java.base/java.util.Spliterators$IteratorSpliterator.forEachRemaining(Spliterators.java:1939)
	at java.base/java.util.stream.AbstractPipeline.copyInto(AbstractPipeline.java:556)
	at java.base/java.util.stream.AbstractPipeline.wrapAndCopyInto(AbstractPipeline.java:546)
	at java.base/java.util.stream.ForEachOps$ForEachOp.evaluateSequential(ForEachOps.java:151)
	at java.base/java.util.stream.ForEachOps$ForEachOp$OfRef.evaluateSequential(ForEachOps.java:174)
	at java.base/java.util.stream.AbstractPipeline.evaluate(AbstractPipeline.java:265)
	at java.base/java.util.stream.ReferencePipeline.forEach(ReferencePipeline.java:611)
	at org.openqa.selenium.json.JsonOutput.lambda$new$23(JsonOutput.java:204)
	at org.openqa.selenium.json.JsonOutput.write0(JsonOutput.java:409)
	at org.openqa.selenium.json.JsonOutput.lambda$new$24(JsonOutput.java:222)
	at java.base/java.util.Map.forEach(Map.java:733)
	at org.openqa.selenium.json.JsonOutput.lambda$new$25(JsonOutput.java:217)
	at org.openqa.selenium.json.JsonOutput.write0(JsonOutput.java:409)
	at org.openqa.selenium.json.JsonOutput.write(JsonOutput.java:400)
	at org.openqa.selenium.json.Json.toJson(Json.java:133)
	at org.openqa.selenium.json.Json.toJson(Json.java:119)
	at org.openqa.selenium.remote.codec.AbstractHttpCommandCodec.encode(AbstractHttpCommandCodec.java:245)
	at org.openqa.selenium.remote.codec.AbstractHttpCommandCodec.encode(AbstractHttpCommandCodec.java:111)
	at org.openqa.selenium.remote.HttpCommandExecutor.execute(HttpCommandExecutor.java:178)
	at org.openqa.selenium.remote.service.DriverCommandExecutor.invokeExecute(DriverCommandExecutor.java:216)
	at org.openqa.selenium.remote.service.DriverCommandExecutor.execute(DriverCommandExecutor.java:174)
	at org.openqa.selenium.remote.RemoteWebDriver.execute(RemoteWebDriver.java:545)
	at org.openqa.selenium.remote.RemoteWebDriver.perform(RemoteWebDriver.java:631)
	at org.openqa.selenium.interactions.Actions$BuiltAction.perform(Actions.java:613)
	at org.openqa.selenium.interactions.Actions.perform(Actions.java:578)
	at ECommerce_Source.HomePage.acAndList(HomePage.java:57)
	at ECommerce_TestCases.TestCase09.AddToCartTest_ProdctDeatils_Pg(TestCase09.java:32)
	at java.base/java.util.ArrayList.forEach(ArrayList.java:1597)
	at java.base/java.util.concurrent.FutureTask.run(FutureTask.java:317)
	at java.base/java.util.concurrent.ThreadPoolExecutor.runWorker(ThreadPoolExecutor.java:1144)
	at java.base/java.util.concurrent.ThreadPoolExecutor$Worker.run(ThreadPoolExecutor.java:642)
	at java.base/java.lang.Thread.run(Thread.java:1570)
	Suppressed: org.openqa.selenium.json.JsonException: Attempting to close incomplete json stream
Build info: version: &apos;4.25.0&apos;, revision: &apos;8a8aea2337&apos;
System info: os.name: &apos;Windows 11&apos;, os.arch: &apos;amd64&apos;, os.version: &apos;10.0&apos;, java.version: &apos;22.0.1&apos;
Driver info: driver.version: RemoteWebDriver
		at org.openqa.selenium.json.JsonOutput.close(JsonOutput.java:431)
		at org.openqa.selenium.json.Json.toJson(Json.java:131)
		... 32 more
	at org.openqa.selenium.json.JsonOutput.convertUsingMethod(JsonOutput.java:516)
	... 53 more
Caused by: org.openqa.selenium.NoSuchElementException: no such element: Unable to locate element: {&quot;method&quot;:&quot;xpath&quot;,&quot;selector&quot;:&quot;//span[@class=&apos;nav-line-2 &apos;]&quot;}
  (Session info: chrome=132.0.6834.111)
For documentation on this error, please visit: https://www.selenium.dev/documentation/webdriver/troubleshooting/errors#no-such-element-exception
Build info: version: &apos;4.25.0&apos;, revision: &apos;8a8aea2337&apos;
System info: os.name: &apos;Windows 11&apos;, os.arch: &apos;amd64&apos;, os.version: &apos;10.0&apos;, java.version: &apos;22.0.1&apos;
Driver info: org.openqa.selenium.chrome.ChromeDriver
Command: [ad34a2a2a9c25c3b712af8a0a1c76a2c, findElement {using=xpath, value=//span[@class=&apos;nav-line-2 &apos;]}]
Capabilities {acceptInsecureCerts: false, browserName: chrome, browserVersion: 132.0.6834.111, chrome: {chromedriverVersion: 132.0.6834.159 (2d77d3fc445..., userDataDir: C:\WINDOWS\SystemTemp\scope...}, fedcm:accounts: true, goog:chromeOptions: {debuggerAddress: localhost:51601}, networkConnectionEnabled: false, pageLoadStrategy: normal, platformName: windows, proxy: Proxy(), se:cdp: ws://localhost:51601/devtoo..., se:cdpVersion: 132.0.6834.111, setWindowRect: true, strictFileInteractability: false, timeouts: {implicit: 0, pageLoad: 300000, script: 30000}, unhandledPromptBehavior: dismiss and notify, webauthn:extension:credBlob: true, webauthn:extension:largeBlob: true, webauthn:extension:minPinLength: true, webauthn:extension:prf: true, webauthn:virtualAuthenticators: true}
Session ID: ad34a2a2a9c25c3b712af8a0a1c76a2c
	at org.openqa.selenium.remote.ErrorCodec.decode(ErrorCodec.java:167)
	at org.openqa.selenium.remote.codec.w3c.W3CHttpResponseCodec.decode(W3CHttpResponseCodec.java:138)
	at org.openqa.selenium.remote.codec.w3c.W3CHttpResponseCodec.decode(W3CHttpResponseCodec.java:50)
	at org.openqa.selenium.remote.HttpCommandExecutor.execute(HttpCommandExecutor.java:190)
	at org.openqa.selenium.remote.service.DriverCommandExecutor.invokeExecute(DriverCommandExecutor.java:216)
	at org.openqa.selenium.remote.service.DriverCommandExecutor.execute(DriverCommandExecutor.java:174)
	at org.openqa.selenium.remote.RemoteWebDriver.execute(RemoteWebDriver.java:545)
	at org.openqa.selenium.remote.ElementLocation$ElementFinder$2.findElement(ElementLocation.java:165)
	at org.openqa.selenium.remote.ElementLocation.findElement(ElementLocation.java:59)
	at org.openqa.selenium.remote.RemoteWebDriver.findElement(RemoteWebDriver.java:368)
	at org.openqa.selenium.remote.RemoteWebDriver.findElement(RemoteWebDriver.java:362)
	at org.openqa.selenium.support.pagefactory.DefaultElementLocator.findElement(DefaultElementLocator.java:68)
	at org.openqa.selenium.support.pagefactory.internal.LocatingElementHandler.invoke(LocatingElementHandler.java:38)
	at jdk.proxy2/jdk.proxy2.$Proxy11.getWrappedElement(Unknown Source)
	at org.openqa.selenium.interactions.PointerInput$Origin.asArg(PointerInput.java:259)
	at org.openqa.selenium.interactions.PointerInput$Move.encode(PointerInput.java:208)
	at org.openqa.selenium.interactions.Sequence.encode(Sequence.java:72)
	at org.openqa.selenium.interactions.Sequence.toJson(Sequence.java:81)
	... 55 more
... Removed 22 stack frames
</div> <!-- stack-trace -->
                </div> <!-- method-content -->
              </div> <!-- method -->
            </div> <!-- main-panel-content rounded-window-bottom -->
          </div> <!-- suite-Suite-class-skipped -->
          <div class="suite-Suite-class-skipped">
            <div class="main-panel-header rounded-window-top">
              <img src="skipped.png"/>
              <span class="class-name">ECommerce_TestCases.TestCase11_trial</span>
            </div> <!-- main-panel-header rounded-window-top -->
            <div class="main-panel-content rounded-window-bottom">
              <div class="method">
                <div class="method-content">
                  <a name="CheckOutProcess">
                  </a> <!-- CheckOutProcess -->
                  <span class="method-name">CheckOutProcess</span>
                  <div class="stack-trace">org.openqa.selenium.NoSuchElementException: no such element: Unable to locate element: {&quot;method&quot;:&quot;xpath&quot;,&quot;selector&quot;:&quot;(//span[contains(text(),&apos;Use this payment method&apos;)])[2]&quot;}
  (Session info: chrome=132.0.6834.111)
For documentation on this error, please visit: https://www.selenium.dev/documentation/webdriver/troubleshooting/errors#no-such-element-exception
Build info: version: &apos;4.25.0&apos;, revision: &apos;8a8aea2337&apos;
System info: os.name: &apos;Windows 11&apos;, os.arch: &apos;amd64&apos;, os.version: &apos;10.0&apos;, java.version: &apos;22.0.1&apos;
Driver info: org.openqa.selenium.chrome.ChromeDriver
Command: [e7e0d6f711353ea295da6325d1380127, findElement {using=xpath, value=(//span[contains(text(),&apos;Use this payment method&apos;)])[2]}]
Capabilities {acceptInsecureCerts: false, browserName: chrome, browserVersion: 132.0.6834.111, chrome: {chromedriverVersion: 132.0.6834.159 (2d77d3fc445..., userDataDir: C:\WINDOWS\SystemTemp\scope...}, fedcm:accounts: true, goog:chromeOptions: {debuggerAddress: localhost:52210}, networkConnectionEnabled: false, pageLoadStrategy: normal, platformName: windows, proxy: Proxy(), se:cdp: ws://localhost:52210/devtoo..., se:cdpVersion: 132.0.6834.111, setWindowRect: true, strictFileInteractability: false, timeouts: {implicit: 0, pageLoad: 300000, script: 30000}, unhandledPromptBehavior: dismiss and notify, webauthn:extension:credBlob: true, webauthn:extension:largeBlob: true, webauthn:extension:minPinLength: true, webauthn:extension:prf: true, webauthn:virtualAuthenticators: true}
Session ID: e7e0d6f711353ea295da6325d1380127
	at org.openqa.selenium.remote.ErrorCodec.decode(ErrorCodec.java:167)
	at org.openqa.selenium.remote.codec.w3c.W3CHttpResponseCodec.decode(W3CHttpResponseCodec.java:138)
	at org.openqa.selenium.remote.codec.w3c.W3CHttpResponseCodec.decode(W3CHttpResponseCodec.java:50)
	at org.openqa.selenium.remote.HttpCommandExecutor.execute(HttpCommandExecutor.java:190)
	at org.openqa.selenium.remote.service.DriverCommandExecutor.invokeExecute(DriverCommandExecutor.java:216)
	at org.openqa.selenium.remote.service.DriverCommandExecutor.execute(DriverCommandExecutor.java:174)
	at org.openqa.selenium.remote.RemoteWebDriver.execute(RemoteWebDriver.java:545)
	at org.openqa.selenium.remote.ElementLocation$ElementFinder$2.findElement(ElementLocation.java:165)
	at org.openqa.selenium.remote.ElementLocation.findElement(ElementLocation.java:59)
	at org.openqa.selenium.remote.RemoteWebDriver.findElement(RemoteWebDriver.java:368)
	at org.openqa.selenium.remote.RemoteWebDriver.findElement(RemoteWebDriver.java:362)
	at org.openqa.selenium.support.pagefactory.DefaultElementLocator.findElement(DefaultElementLocator.java:68)
	at org.openqa.selenium.support.pagefactory.internal.LocatingElementHandler.invoke(LocatingElementHandler.java:38)
	at jdk.proxy2/jdk.proxy2.$Proxy11.click(Unknown Source)
	at ECommerce_Source.CheckOut_Page.useThisPayment(CheckOut_Page.java:193)
	at ECommerce_TestCases.TestCase11_trial.CheckOutProcess(TestCase11_trial.java:81)
	at java.base/java.util.ArrayList.forEach(ArrayList.java:1597)
	at java.base/java.util.concurrent.FutureTask.run(FutureTask.java:317)
	at java.base/java.util.concurrent.ThreadPoolExecutor.runWorker(ThreadPoolExecutor.java:1144)
	at java.base/java.util.concurrent.ThreadPoolExecutor$Worker.run(ThreadPoolExecutor.java:642)
	at java.base/java.lang.Thread.run(Thread.java:1570)
... Removed 18 stack frames
</div> <!-- stack-trace -->
                </div> <!-- method-content -->
              </div> <!-- method -->
            </div> <!-- main-panel-content rounded-window-bottom -->
          </div> <!-- suite-Suite-class-skipped -->
          <div class="suite-Suite-class-skipped">
            <div class="main-panel-header rounded-window-top">
              <img src="skipped.png"/>
              <span class="class-name">ECommerce_TestCases.TestCase06</span>
            </div> <!-- main-panel-header rounded-window-top -->
            <div class="main-panel-content rounded-window-bottom">
              <div class="method">
                <div class="method-content">
                  <a name="searching_Wt_Filters">
                  </a> <!-- searching_Wt_Filters -->
                  <span class="method-name">searching_Wt_Filters</span>
                  <div class="stack-trace">java.lang.AssertionError: The following asserts failed:
	TestCase 06 - Filter by discount Failed expected [0] but found [3]
	at ECommerce_TestCases.TestCase06.searching_Wt_Filters(TestCase06.java:52)
	at java.base/java.util.ArrayList.forEach(ArrayList.java:1597)
	at java.base/java.util.concurrent.FutureTask.run(FutureTask.java:317)
	at java.base/java.util.concurrent.ThreadPoolExecutor.runWorker(ThreadPoolExecutor.java:1144)
	at java.base/java.util.concurrent.ThreadPoolExecutor$Worker.run(ThreadPoolExecutor.java:642)
	at java.base/java.lang.Thread.run(Thread.java:1570)
... Removed 17 stack frames
</div> <!-- stack-trace -->
                </div> <!-- method-content -->
              </div> <!-- method -->
            </div> <!-- main-panel-content rounded-window-bottom -->
          </div> <!-- suite-Suite-class-skipped -->
          <div class="suite-Suite-class-skipped">
            <div class="main-panel-header rounded-window-top">
              <img src="skipped.png"/>
              <span class="class-name">ECommerce_TestCases.TestCase12</span>
            </div> <!-- main-panel-header rounded-window-top -->
            <div class="main-panel-content rounded-window-bottom">
              <div class="method">
                <div class="method-content">
                  <a name="PaymentMethod_Selection">
                  </a> <!-- PaymentMethod_Selection -->
                  <span class="method-name">PaymentMethod_Selection</span>
                  <div class="stack-trace">org.openqa.selenium.TimeoutException: Expected condition failed: waiting for frame to be available: Proxy element for: DefaultElementLocator &apos;By.xpath: //iframe[@name=&apos;apx-secure-field-addCreditCardVerificationNumber&apos;]&apos; (tried for 10 second(s) with 500 milliseconds interval)
	at org.openqa.selenium.support.ui.WebDriverWait.timeoutException(WebDriverWait.java:84)
	at org.openqa.selenium.support.ui.FluentWait.until(FluentWait.java:228)
	at ECommerce_Source.CheckOut_Page.Enter_DebitCardDetails_And_CVV(CheckOut_Page.java:250)
	at ECommerce_TestCases.TestCase12.PaymentMethod_Selection(TestCase12.java:65)
	at java.base/java.util.ArrayList.forEach(ArrayList.java:1597)
	at java.base/java.util.concurrent.FutureTask.run(FutureTask.java:317)
	at java.base/java.util.concurrent.ThreadPoolExecutor.runWorker(ThreadPoolExecutor.java:1144)
	at java.base/java.util.concurrent.ThreadPoolExecutor$Worker.run(ThreadPoolExecutor.java:642)
	at java.base/java.lang.Thread.run(Thread.java:1570)
Caused by: org.openqa.selenium.NoSuchElementException: no such element: Unable to locate element: {&quot;method&quot;:&quot;xpath&quot;,&quot;selector&quot;:&quot;//iframe[@name=&apos;apx-secure-field-addCreditCardVerificationNumber&apos;]&quot;}
  (Session info: chrome=132.0.6834.111)
For documentation on this error, please visit: https://www.selenium.dev/documentation/webdriver/troubleshooting/errors#no-such-element-exception
Build info: version: &apos;4.25.0&apos;, revision: &apos;8a8aea2337&apos;
System info: os.name: &apos;Windows 11&apos;, os.arch: &apos;amd64&apos;, os.version: &apos;10.0&apos;, java.version: &apos;22.0.1&apos;
Driver info: org.openqa.selenium.chrome.ChromeDriver
Command: [dc5645a8d89c0d252ce2bfca68a75d2c, findElement {using=xpath, value=//iframe[@name=&apos;apx-secure-field-addCreditCardVerificationNumber&apos;]}]
Capabilities {acceptInsecureCerts: false, browserName: chrome, browserVersion: 132.0.6834.111, chrome: {chromedriverVersion: 132.0.6834.159 (2d77d3fc445..., userDataDir: C:\WINDOWS\SystemTemp\scope...}, fedcm:accounts: true, goog:chromeOptions: {debuggerAddress: localhost:52839}, networkConnectionEnabled: false, pageLoadStrategy: normal, platformName: windows, proxy: Proxy(), se:cdp: ws://localhost:52839/devtoo..., se:cdpVersion: 132.0.6834.111, setWindowRect: true, strictFileInteractability: false, timeouts: {implicit: 0, pageLoad: 300000, script: 30000}, unhandledPromptBehavior: dismiss and notify, webauthn:extension:credBlob: true, webauthn:extension:largeBlob: true, webauthn:extension:minPinLength: true, webauthn:extension:prf: true, webauthn:virtualAuthenticators: true}
Session ID: dc5645a8d89c0d252ce2bfca68a75d2c
	at org.openqa.selenium.remote.ErrorCodec.decode(ErrorCodec.java:167)
	at org.openqa.selenium.remote.codec.w3c.W3CHttpResponseCodec.decode(W3CHttpResponseCodec.java:138)
	at org.openqa.selenium.remote.codec.w3c.W3CHttpResponseCodec.decode(W3CHttpResponseCodec.java:50)
	at org.openqa.selenium.remote.HttpCommandExecutor.execute(HttpCommandExecutor.java:190)
	at org.openqa.selenium.remote.service.DriverCommandExecutor.invokeExecute(DriverCommandExecutor.java:216)
	at org.openqa.selenium.remote.service.DriverCommandExecutor.execute(DriverCommandExecutor.java:174)
	at org.openqa.selenium.remote.RemoteWebDriver.execute(RemoteWebDriver.java:545)
	at org.openqa.selenium.remote.ElementLocation$ElementFinder$2.findElement(ElementLocation.java:165)
	at org.openqa.selenium.remote.ElementLocation.findElement(ElementLocation.java:59)
	at org.openqa.selenium.remote.RemoteWebDriver.findElement(RemoteWebDriver.java:368)
	at org.openqa.selenium.remote.RemoteWebDriver.findElement(RemoteWebDriver.java:362)
	at org.openqa.selenium.support.pagefactory.DefaultElementLocator.findElement(DefaultElementLocator.java:68)
	at org.openqa.selenium.support.pagefactory.internal.LocatingElementHandler.invoke(LocatingElementHandler.java:38)
	at jdk.proxy2/jdk.proxy2.$Proxy11.getWrappedElement(Unknown Source)
	at org.openqa.selenium.remote.WebElementToJsonConverter.apply(WebElementToJsonConverter.java:48)
	at org.openqa.selenium.remote.RemoteWebDriver$RemoteTargetLocator.frame(RemoteWebDriver.java:1131)
	at org.openqa.selenium.support.ui.ExpectedConditions$19.apply(ExpectedConditions.java:545)
	at org.openqa.selenium.support.ui.ExpectedConditions$19.apply(ExpectedConditions.java:541)
	at org.openqa.selenium.support.ui.FluentWait.until(FluentWait.java:203)
	... 22 more
... Removed 18 stack frames
</div> <!-- stack-trace -->
                </div> <!-- method-content -->
              </div> <!-- method -->
            </div> <!-- main-panel-content rounded-window-bottom -->
          </div> <!-- suite-Suite-class-skipped -->
          <div class="suite-Suite-class-skipped">
            <div class="main-panel-header rounded-window-top">
              <img src="skipped.png"/>
              <span class="class-name">ECommerce_TestCases.TestCase01</span>
            </div> <!-- main-panel-header rounded-window-top -->
            <div class="main-panel-content rounded-window-bottom">
              <div class="method">
                <div class="method-content">
                  <a name="User_Registration_Test">
                  </a> <!-- User_Registration_Test -->
                  <span class="method-name">User_Registration_Test</span>
                  <div class="stack-trace">org.openqa.selenium.ElementNotInteractableException: element not interactable
  (Session info: chrome=132.0.6834.111)
Build info: version: &apos;4.25.0&apos;, revision: &apos;8a8aea2337&apos;
System info: os.name: &apos;Windows 11&apos;, os.arch: &apos;amd64&apos;, os.version: &apos;10.0&apos;, java.version: &apos;22.0.1&apos;
Driver info: org.openqa.selenium.chrome.ChromeDriver
Command: [9ddfa4b28339690aca9c05715f940280, clickElement {id=f.3D202093293B2061073B4AB91D60667F.d.B69399CF982E40CDACCBE913A0CDA859.e.39}]
Capabilities {acceptInsecureCerts: false, browserName: chrome, browserVersion: 132.0.6834.111, chrome: {chromedriverVersion: 132.0.6834.159 (2d77d3fc445..., userDataDir: C:\WINDOWS\SystemTemp\scope...}, fedcm:accounts: true, goog:chromeOptions: {debuggerAddress: localhost:50267}, networkConnectionEnabled: false, pageLoadStrategy: normal, platformName: windows, proxy: Proxy(), se:cdp: ws://localhost:50267/devtoo..., se:cdpVersion: 132.0.6834.111, setWindowRect: true, strictFileInteractability: false, timeouts: {implicit: 0, pageLoad: 300000, script: 30000}, unhandledPromptBehavior: dismiss and notify, webauthn:extension:credBlob: true, webauthn:extension:largeBlob: true, webauthn:extension:minPinLength: true, webauthn:extension:prf: true, webauthn:virtualAuthenticators: true}
Element: [[ChromeDriver: chrome on windows (9ddfa4b28339690aca9c05715f940280)] -&gt; xpath: (//a[.=&apos;Start here.&apos;])[1]]
Session ID: 9ddfa4b28339690aca9c05715f940280
	at org.openqa.selenium.remote.ErrorCodec.decode(ErrorCodec.java:167)
	at org.openqa.selenium.remote.codec.w3c.W3CHttpResponseCodec.decode(W3CHttpResponseCodec.java:138)
	at org.openqa.selenium.remote.codec.w3c.W3CHttpResponseCodec.decode(W3CHttpResponseCodec.java:50)
	at org.openqa.selenium.remote.HttpCommandExecutor.execute(HttpCommandExecutor.java:190)
	at org.openqa.selenium.remote.service.DriverCommandExecutor.invokeExecute(DriverCommandExecutor.java:216)
	at org.openqa.selenium.remote.service.DriverCommandExecutor.execute(DriverCommandExecutor.java:174)
	at org.openqa.selenium.remote.RemoteWebDriver.execute(RemoteWebDriver.java:545)
	at org.openqa.selenium.remote.RemoteWebElement.execute(RemoteWebElement.java:223)
	at org.openqa.selenium.remote.RemoteWebElement.click(RemoteWebElement.java:76)
	at org.openqa.selenium.support.pagefactory.internal.LocatingElementHandler.invoke(LocatingElementHandler.java:51)
	at jdk.proxy2/jdk.proxy2.$Proxy11.click(Unknown Source)
	at ECommerce_Source.HomePage.startHere_Click(HomePage.java:61)
	at ECommerce_TestCases.TestCase01.User_Registration_Test(TestCase01.java:23)
	at java.base/java.util.ArrayList.forEach(ArrayList.java:1597)
	at java.base/java.util.concurrent.FutureTask.run(FutureTask.java:317)
	at java.base/java.util.concurrent.ThreadPoolExecutor.runWorker(ThreadPoolExecutor.java:1144)
	at java.base/java.util.concurrent.ThreadPoolExecutor$Worker.run(ThreadPoolExecutor.java:642)
	at java.base/java.lang.Thread.run(Thread.java:1570)
... Removed 20 stack frames
</div> <!-- stack-trace -->
                </div> <!-- method-content -->
              </div> <!-- method -->
            </div> <!-- main-panel-content rounded-window-bottom -->
          </div> <!-- suite-Suite-class-skipped -->
          <div class="suite-Suite-class-passed">
            <div class="main-panel-header rounded-window-top">
              <img src="passed.png"/>
              <span class="class-name">ECommerce_TestCases.TestCase03</span>
            </div> <!-- main-panel-header rounded-window-top -->
            <div class="main-panel-content rounded-window-bottom">
              <div class="method">
                <div class="method-content">
                  <a name="SignIn_Invalid_Password">
                  </a> <!-- SignIn_Invalid_Password -->
                  <span class="method-name">SignIn_Invalid_Password</span>
                </div> <!-- method-content -->
              </div> <!-- method -->
              <div class="method">
                <div class="method-content">
                  <a name="SignIn_Invalid_UN">
                  </a> <!-- SignIn_Invalid_UN -->
                  <span class="method-name">SignIn_Invalid_UN</span>
                </div> <!-- method-content -->
              </div> <!-- method -->
            </div> <!-- main-panel-content rounded-window-bottom -->
          </div> <!-- suite-Suite-class-passed -->
          <div class="suite-Suite-class-passed">
            <div class="main-panel-header rounded-window-top">
              <img src="passed.png"/>
              <span class="class-name">ECommerce_TestCases.TestCase05</span>
            </div> <!-- main-panel-header rounded-window-top -->
            <div class="main-panel-content rounded-window-bottom">
              <div class="method">
                <div class="method-content">
                  <a name="SearchProduct_Test">
                  </a> <!-- SearchProduct_Test -->
                  <span class="method-name">SearchProduct_Test</span>
                </div> <!-- method-content -->
              </div> <!-- method -->
            </div> <!-- main-panel-content rounded-window-bottom -->
          </div> <!-- suite-Suite-class-passed -->
          <div class="suite-Suite-class-passed">
            <div class="main-panel-header rounded-window-top">
              <img src="passed.png"/>
              <span class="class-name">ECommerce_TestCases.TestCase10</span>
            </div> <!-- main-panel-header rounded-window-top -->
            <div class="main-panel-content rounded-window-bottom">
              <div class="method">
                <div class="method-content">
                  <a name="cartUpdateTest">
                  </a> <!-- cartUpdateTest -->
                  <span class="method-name">cartUpdateTest</span>
                </div> <!-- method-content -->
              </div> <!-- method -->
            </div> <!-- main-panel-content rounded-window-bottom -->
          </div> <!-- suite-Suite-class-passed -->
          <div class="suite-Suite-class-passed">
            <div class="main-panel-header rounded-window-top">
              <img src="passed.png"/>
              <span class="class-name">ECommerce_TestCases.TestCase11_trial</span>
            </div> <!-- main-panel-header rounded-window-top -->
            <div class="main-panel-content rounded-window-bottom">
              <div class="method">
                <div class="method-content">
                  <a name="CheckOutProcess">
                  </a> <!-- CheckOutProcess -->
                  <span class="method-name">CheckOutProcess</span>
                </div> <!-- method-content -->
              </div> <!-- method -->
            </div> <!-- main-panel-content rounded-window-bottom -->
          </div> <!-- suite-Suite-class-passed -->
          <div class="suite-Suite-class-passed">
            <div class="main-panel-header rounded-window-top">
              <img src="passed.png"/>
              <span class="class-name">ECommerce_TestCases.TestCase01</span>
            </div> <!-- main-panel-header rounded-window-top -->
            <div class="main-panel-content rounded-window-bottom">
              <div class="method">
                <div class="method-content">
                  <a name="User_Registration_Test">
                  </a> <!-- User_Registration_Test -->
                  <span class="method-name">User_Registration_Test</span>
                </div> <!-- method-content -->
              </div> <!-- method -->
            </div> <!-- main-panel-content rounded-window-bottom -->
          </div> <!-- suite-Suite-class-passed -->
          <div class="suite-Suite-class-passed">
            <div class="main-panel-header rounded-window-top">
              <img src="passed.png"/>
              <span class="class-name">ECommerce_TestCases.TestCase15</span>
            </div> <!-- main-panel-header rounded-window-top -->
            <div class="main-panel-content rounded-window-bottom">
              <div class="method">
                <div class="method-content">
                  <a name="Reach_To_Cart_Test">
                  </a> <!-- Reach_To_Cart_Test -->
                  <span class="method-name">Reach_To_Cart_Test</span>
                </div> <!-- method-content -->
              </div> <!-- method -->
            </div> <!-- main-panel-content rounded-window-bottom -->
          </div> <!-- suite-Suite-class-passed -->
          <div class="suite-Suite-class-passed">
            <div class="main-panel-header rounded-window-top">
              <img src="passed.png"/>
              <span class="class-name">ECommerce_TestCases.TestCase13</span>
            </div> <!-- main-panel-header rounded-window-top -->
            <div class="main-panel-content rounded-window-bottom">
              <div class="method">
                <div class="method-content">
                  <a name="CheckOutProcess_Enter_PromoCode">
                  </a> <!-- CheckOutProcess_Enter_PromoCode -->
                  <span class="method-name">CheckOutProcess_Enter_PromoCode</span>
                </div> <!-- method-content -->
              </div> <!-- method -->
            </div> <!-- main-panel-content rounded-window-bottom -->
          </div> <!-- suite-Suite-class-passed -->
          <div class="suite-Suite-class-passed">
            <div class="main-panel-header rounded-window-top">
              <img src="passed.png"/>
              <span class="class-name">ECommerce_TestCases.TestCase14</span>
            </div> <!-- main-panel-header rounded-window-top -->
            <div class="main-panel-content rounded-window-bottom">
              <div class="method">
                <div class="method-content">
                  <a name="WriteReviews">
                  </a> <!-- WriteReviews -->
                  <span class="method-name">WriteReviews</span>
                </div> <!-- method-content -->
              </div> <!-- method -->
            </div> <!-- main-panel-content rounded-window-bottom -->
          </div> <!-- suite-Suite-class-passed -->
          <div class="suite-Suite-class-passed">
            <div class="main-panel-header rounded-window-top">
              <img src="passed.png"/>
              <span class="class-name">ECommerce_TestCases.TestCase04</span>
            </div> <!-- main-panel-header rounded-window-top -->
            <div class="main-panel-content rounded-window-bottom">
              <div class="method">
                <div class="method-content">
                  <a name="Edit_info_from_LoginSecurity">
                  </a> <!-- Edit_info_from_LoginSecurity -->
                  <span class="method-name">Edit_info_from_LoginSecurity</span>
                </div> <!-- method-content -->
              </div> <!-- method -->
            </div> <!-- main-panel-content rounded-window-bottom -->
          </div> <!-- suite-Suite-class-passed -->
          <div class="suite-Suite-class-passed">
            <div class="main-panel-header rounded-window-top">
              <img src="passed.png"/>
              <span class="class-name">ECommerce_TestCases.TestCase09</span>
            </div> <!-- main-panel-header rounded-window-top -->
            <div class="main-panel-content rounded-window-bottom">
              <div class="method">
                <div class="method-content">
                  <a name="AddToCartTest_ProdctDeatils_Pg">
                  </a> <!-- AddToCartTest_ProdctDeatils_Pg -->
                  <span class="method-name">AddToCartTest_ProdctDeatils_Pg</span>
                </div> <!-- method-content -->
              </div> <!-- method -->
            </div> <!-- main-panel-content rounded-window-bottom -->
          </div> <!-- suite-Suite-class-passed -->
          <div class="suite-Suite-class-passed">
            <div class="main-panel-header rounded-window-top">
              <img src="passed.png"/>
              <span class="class-name">ECommerce_TestCases.TestCase07</span>
            </div> <!-- main-panel-header rounded-window-top -->
            <div class="main-panel-content rounded-window-bottom">
              <div class="method">
                <div class="method-content">
                  <a name="product_Info">
                  </a> <!-- product_Info -->
                  <span class="method-name">product_Info</span>
                </div> <!-- method-content -->
              </div> <!-- method -->
            </div> <!-- main-panel-content rounded-window-bottom -->
          </div> <!-- suite-Suite-class-passed -->
          <div class="suite-Suite-class-passed">
            <div class="main-panel-header rounded-window-top">
              <img src="passed.png"/>
              <span class="class-name">ECommerce_TestCases.TestCase02</span>
            </div> <!-- main-panel-header rounded-window-top -->
            <div class="main-panel-content rounded-window-bottom">
              <div class="method">
                <div class="method-content">
                  <a name="SignIn">
                  </a> <!-- SignIn -->
                  <span class="method-name">SignIn</span>
                </div> <!-- method-content -->
              </div> <!-- method -->
            </div> <!-- main-panel-content rounded-window-bottom -->
          </div> <!-- suite-Suite-class-passed -->
          <div class="suite-Suite-class-passed">
            <div class="main-panel-header rounded-window-top">
              <img src="passed.png"/>
              <span class="class-name">ECommerce_TestCases.TestCase12</span>
            </div> <!-- main-panel-header rounded-window-top -->
            <div class="main-panel-content rounded-window-bottom">
              <div class="method">
                <div class="method-content">
                  <a name="PaymentMethod_Selection">
                  </a> <!-- PaymentMethod_Selection -->
                  <span class="method-name">PaymentMethod_Selection</span>
                </div> <!-- method-content -->
              </div> <!-- method -->
            </div> <!-- main-panel-content rounded-window-bottom -->
          </div> <!-- suite-Suite-class-passed -->
        </div> <!-- panel Suite -->
        <div panel-name="test-xml-Suite" class="panel">
          <div class="main-panel-header rounded-window-top">
            <span class="header-content">C:\Users\nandr\eclipse-workspace\Ecommerce\testng.xml</span>
          </div> <!-- main-panel-header rounded-window-top -->
          <div class="main-panel-content rounded-window-bottom">
            <pre>
&lt;?xml version=&quot;1.0&quot; encoding=&quot;UTF-8&quot;?&gt;
&lt;!DOCTYPE suite SYSTEM &quot;https://testng.org/testng-1.0.dtd&quot;&gt;
&lt;suite parallel=&quot;tests&quot; name=&quot;Suite&quot; guice-stage=&quot;DEVELOPMENT&quot; verbose=&quot;0&quot;&gt;
  &lt;test thread-count=&quot;5&quot; parallel=&quot;tests&quot; name=&quot;Test&quot; verbose=&quot;0&quot;&gt;
    &lt;parameter name=&quot;browser&quot; value=&quot;chrome&quot;/&gt;
    &lt;classes&gt;
      &lt;class name=&quot;ECommerce_TestCases.TestCase01&quot;/&gt;
      &lt;class name=&quot;ECommerce_TestCases.TestCase08_trial&quot;/&gt;
      &lt;class name=&quot;ECommerce_TestCases.TestCase02&quot;/&gt;
      &lt;class name=&quot;ECommerce_TestCases.TestCase03&quot;/&gt;
      &lt;class name=&quot;ECommerce_TestCases.TestCase04&quot;/&gt;
      &lt;class name=&quot;ECommerce_TestCases.TestCase05&quot;/&gt;
      &lt;class name=&quot;ECommerce_TestCases.TestCase06&quot;/&gt;
      &lt;class name=&quot;ECommerce_TestCases.TestCase07&quot;/&gt;
      &lt;class name=&quot;ECommerce_TestCases.TestCase09&quot;/&gt;
      &lt;class name=&quot;ECommerce_TestCases.TestCase10&quot;/&gt;
      &lt;class name=&quot;ECommerce_TestCases.TestCase11_trial&quot;/&gt;
      &lt;class name=&quot;ECommerce_TestCases.TestCase12&quot;/&gt;
      &lt;class name=&quot;ECommerce_TestCases.TestCase13&quot;/&gt;
      &lt;class name=&quot;ECommerce_TestCases.TestCase14&quot;/&gt;
      &lt;class name=&quot;ECommerce_TestCases.TestCase15&quot;/&gt;
    &lt;/classes&gt;
  &lt;/test&gt; &lt;!-- Test --&gt;
&lt;/suite&gt; &lt;!-- Suite --&gt;
            </pre>
          </div> <!-- main-panel-content rounded-window-bottom -->
        </div> <!-- panel -->
        <div panel-name="testlist-Suite" class="panel">
          <div class="main-panel-header rounded-window-top">
            <span class="header-content">Tests for Suite</span>
          </div> <!-- main-panel-header rounded-window-top -->
          <div class="main-panel-content rounded-window-bottom">
            <ul>
              <li>
                <span class="test-name">Test (15 classes)</span>
              </li>
            </ul>
          </div> <!-- main-panel-content rounded-window-bottom -->
        </div> <!-- panel -->
        <div panel-name="group-Suite" class="panel">
          <div class="main-panel-header rounded-window-top">
            <span class="header-content">Groups for Suite</span>
          </div> <!-- main-panel-header rounded-window-top -->
          <div class="main-panel-content rounded-window-bottom">
          </div> <!-- main-panel-content rounded-window-bottom -->
        </div> <!-- panel -->
        <div panel-name="times-Suite" class="panel">
          <div class="main-panel-header rounded-window-top">
            <span class="header-content">Times for Suite</span>
          </div> <!-- main-panel-header rounded-window-top -->
          <div class="main-panel-content rounded-window-bottom">
            <div class="times-div">
              <script type="text/javascript">
suiteTableInitFunctions.push('tableData_Suite');
function tableData_Suite() {
var data = new google.visualization.DataTable();
data.addColumn('number', 'Number');
data.addColumn('string', 'Method');
data.addColumn('string', 'Class');
data.addColumn('number', 'Time (ms)');
data.addRows(21);
data.setCell(0, 0, 0)
data.setCell(0, 1, 'CheckOutProcess')
data.setCell(0, 2, 'ECommerce_TestCases.TestCase11_trial')
data.setCell(0, 3, 81413);
data.setCell(1, 0, 1)
data.setCell(1, 1, 'CheckOutProcess')
data.setCell(1, 2, 'ECommerce_TestCases.TestCase11_trial')
data.setCell(1, 3, 72632);
data.setCell(2, 0, 2)
data.setCell(2, 1, 'PaymentMethod_Selection')
data.setCell(2, 2, 'ECommerce_TestCases.TestCase12')
data.setCell(2, 3, 70732);
data.setCell(3, 0, 3)
data.setCell(3, 1, 'searching_Wt_Filters')
data.setCell(3, 2, 'ECommerce_TestCases.TestCase06')
data.setCell(3, 3, 51391);
data.setCell(4, 0, 4)
data.setCell(4, 1, 'cartUpdateTest')
data.setCell(4, 2, 'ECommerce_TestCases.TestCase10')
data.setCell(4, 3, 51371);
data.setCell(5, 0, 5)
data.setCell(5, 1, 'PaymentMethod_Selection')
data.setCell(5, 2, 'ECommerce_TestCases.TestCase12')
data.setCell(5, 3, 48603);
data.setCell(6, 0, 6)
data.setCell(6, 1, 'searching_Wt_Filters')
data.setCell(6, 2, 'ECommerce_TestCases.TestCase06')
data.setCell(6, 3, 38555);
data.setCell(7, 0, 7)
data.setCell(7, 1, 'WriteReviews')
data.setCell(7, 2, 'ECommerce_TestCases.TestCase14')
data.setCell(7, 3, 27396);
data.setCell(8, 0, 8)
data.setCell(8, 1, 'Edit_info_from_LoginSecurity')
data.setCell(8, 2, 'ECommerce_TestCases.TestCase04')
data.setCell(8, 3, 27065);
data.setCell(9, 0, 9)
data.setCell(9, 1, 'CheckOutProcess_Enter_PromoCode')
data.setCell(9, 2, 'ECommerce_TestCases.TestCase13')
data.setCell(9, 3, 24392);
data.setCell(10, 0, 10)
data.setCell(10, 1, 'AddToCartTest_ProdctDeatils_Pg')
data.setCell(10, 2, 'ECommerce_TestCases.TestCase09')
data.setCell(10, 3, 23313);
data.setCell(11, 0, 11)
data.setCell(11, 1, 'product_Info')
data.setCell(11, 2, 'ECommerce_TestCases.TestCase07')
data.setCell(11, 3, 22929);
data.setCell(12, 0, 12)
data.setCell(12, 1, 'Sorting_Product_ByPrice_LtoH')
data.setCell(12, 2, 'ECommerce_TestCases.TestCase08_trial')
data.setCell(12, 3, 20822);
data.setCell(13, 0, 13)
data.setCell(13, 1, 'User_Registration_Test')
data.setCell(13, 2, 'ECommerce_TestCases.TestCase01')
data.setCell(13, 3, 16560);
data.setCell(14, 0, 14)
data.setCell(14, 1, 'SignIn_Invalid_Password')
data.setCell(14, 2, 'ECommerce_TestCases.TestCase03')
data.setCell(14, 3, 16023);
data.setCell(15, 0, 15)
data.setCell(15, 1, 'SignIn')
data.setCell(15, 2, 'ECommerce_TestCases.TestCase02')
data.setCell(15, 3, 15103);
data.setCell(16, 0, 16)
data.setCell(16, 1, 'Reach_To_Cart_Test')
data.setCell(16, 2, 'ECommerce_TestCases.TestCase15')
data.setCell(16, 3, 14541);
data.setCell(17, 0, 17)
data.setCell(17, 1, 'SignIn_Invalid_UN')
data.setCell(17, 2, 'ECommerce_TestCases.TestCase03')
data.setCell(17, 3, 10822);
data.setCell(18, 0, 18)
data.setCell(18, 1, 'User_Registration_Test')
data.setCell(18, 2, 'ECommerce_TestCases.TestCase01')
data.setCell(18, 3, 10480);
data.setCell(19, 0, 19)
data.setCell(19, 1, 'AddToCartTest_ProdctDeatils_Pg')
data.setCell(19, 2, 'ECommerce_TestCases.TestCase09')
data.setCell(19, 3, 10130);
data.setCell(20, 0, 20)
data.setCell(20, 1, 'SearchProduct_Test')
data.setCell(20, 2, 'ECommerce_TestCases.TestCase05')
data.setCell(20, 3, 5586);
window.suiteTableData['Suite']= { tableData: data, tableDiv: 'times-div-Suite'}
return data;
}
              </script>
              <span class="suite-total-time">Total running time: 12 minutes</span>
              <div id="times-div-Suite">
              </div> <!-- times-div-Suite -->
            </div> <!-- times-div -->
          </div> <!-- main-panel-content rounded-window-bottom -->
        </div> <!-- panel -->
        <div panel-name="reporter-Suite" class="panel">
          <div class="main-panel-header rounded-window-top">
            <span class="header-content">Reporter output for Suite</span>
          </div> <!-- main-panel-header rounded-window-top -->
          <div class="main-panel-content rounded-window-bottom">
            <div class="reporter-method-div">
              <span class="reporter-method-name">PaymentMethod_Selection</span>
              <div class="reporter-method-output-div">
                <span class="reporter-method-output">Test Started</span>
                <span class="reporter-method-output">Test Passed successfuly</span>
              </div> <!-- reporter-method-output-div -->
            </div> <!-- reporter-method-div -->
            <div class="reporter-method-div">
              <span class="reporter-method-name">AddToCartTest_ProdctDeatils_Pg</span>
              <div class="reporter-method-output-div">
                <span class="reporter-method-output">Test Started</span>
                <span class="reporter-method-output">Test Passed successfuly</span>
              </div> <!-- reporter-method-output-div -->
            </div> <!-- reporter-method-div -->
            <div class="reporter-method-div">
              <span class="reporter-method-name">CheckOutProcess</span>
              <div class="reporter-method-output-div">
                <span class="reporter-method-output">Test Started</span>
                <span class="reporter-method-output">Test Passed successfuly</span>
              </div> <!-- reporter-method-output-div -->
            </div> <!-- reporter-method-div -->
            <div class="reporter-method-div">
              <span class="reporter-method-name">Reach_To_Cart_Test</span>
              <div class="reporter-method-output-div">
                <span class="reporter-method-output">Test Started</span>
                <span class="reporter-method-output">Test Passed successfuly</span>
              </div> <!-- reporter-method-output-div -->
            </div> <!-- reporter-method-div -->
            <div class="reporter-method-div">
              <span class="reporter-method-name">WriteReviews</span>
              <div class="reporter-method-output-div">
                <span class="reporter-method-output">Test Started</span>
                <span class="reporter-method-output">Test Passed successfuly</span>
              </div> <!-- reporter-method-output-div -->
            </div> <!-- reporter-method-div -->
            <div class="reporter-method-div">
              <span class="reporter-method-name">SignIn_Invalid_Password</span>
              <div class="reporter-method-output-div">
                <span class="reporter-method-output">Test Started</span>
                <span class="reporter-method-output">There was a problem
Your password is incorrect</span>
                <span class="reporter-method-output">Test Passed successfuly</span>
              </div> <!-- reporter-method-output-div -->
            </div> <!-- reporter-method-div -->
            <div class="reporter-method-div">
              <span class="reporter-method-name">CheckOutProcess_Enter_PromoCode</span>
              <div class="reporter-method-output-div">
                <span class="reporter-method-output">Test Started</span>
                <span class="reporter-method-output">Test Passed successfuly</span>
              </div> <!-- reporter-method-output-div -->
            </div> <!-- reporter-method-div -->
            <div class="reporter-method-div">
              <span class="reporter-method-name">SearchProduct_Test</span>
              <div class="reporter-method-output-div">
                <span class="reporter-method-output">Test Started</span>
                <span class="reporter-method-output">Test Passed successfuly</span>
              </div> <!-- reporter-method-output-div -->
            </div> <!-- reporter-method-div -->
            <div class="reporter-method-div">
              <span class="reporter-method-name">cartUpdateTest</span>
              <div class="reporter-method-output-div">
                <span class="reporter-method-output">Test Started</span>
                <span class="reporter-method-output">Test Passed successfuly</span>
              </div> <!-- reporter-method-output-div -->
            </div> <!-- reporter-method-div -->
            <div class="reporter-method-div">
              <span class="reporter-method-name">Edit_info_from_LoginSecurity</span>
              <div class="reporter-method-output-div">
                <span class="reporter-method-output">Test Started</span>
                <span class="reporter-method-output">Test Passed successfuly</span>
              </div> <!-- reporter-method-output-div -->
            </div> <!-- reporter-method-div -->
            <div class="reporter-method-div">
              <span class="reporter-method-name">product_Info</span>
              <div class="reporter-method-output-div">
                <span class="reporter-method-output">Test Started</span>
                <span class="reporter-method-output">All Product Details are present</span>
                <span class="reporter-method-output">Test Passed successfuly</span>
              </div> <!-- reporter-method-output-div -->
            </div> <!-- reporter-method-div -->
            <div class="reporter-method-div">
              <span class="reporter-method-name">SignIn_Invalid_UN</span>
              <div class="reporter-method-output-div">
                <span class="reporter-method-output">Test Started</span>
                <span class="reporter-method-output">Incorrect phone number
We cannot find an account with that mobile number</span>
                <span class="reporter-method-output">Test Passed successfuly</span>
              </div> <!-- reporter-method-output-div -->
            </div> <!-- reporter-method-div -->
            <div class="reporter-method-div">
              <span class="reporter-method-name">User_Registration_Test</span>
              <div class="reporter-method-output-div">
                <span class="reporter-method-output">Test Started</span>
                <span class="reporter-method-output">Test Passed successfuly</span>
              </div> <!-- reporter-method-output-div -->
            </div> <!-- reporter-method-div -->
            <div class="reporter-method-div">
              <span class="reporter-method-name">SignIn</span>
              <div class="reporter-method-output-div">
                <span class="reporter-method-output">Test Started</span>
                <span class="reporter-method-output">Logged In Successfully</span>
                <span class="reporter-method-output">Test Passed successfuly</span>
              </div> <!-- reporter-method-output-div -->
            </div> <!-- reporter-method-div -->
            <div class="reporter-method-div">
              <span class="reporter-method-name">Sorting_Product_ByPrice_LtoH</span>
              <div class="reporter-method-output-div">
                <span class="reporter-method-output">Test Started</span>
                <span class="reporter-method-output">TestCase Failed</span>
              </div> <!-- reporter-method-output-div -->
            </div> <!-- reporter-method-div -->
            <div class="reporter-method-div">
              <span class="reporter-method-name">searching_Wt_Filters</span>
              <div class="reporter-method-output-div">
                <span class="reporter-method-output">Test Started</span>
                <span class="reporter-method-output">----------- Filter By Brand Test Pass -----------</span>
                <span class="reporter-method-output">TestCase Failed</span>
              </div> <!-- reporter-method-output-div -->
            </div> <!-- reporter-method-div -->
            <div class="reporter-method-div">
              <span class="reporter-method-name">User_Registration_Test</span>
              <div class="reporter-method-output-div">
                <span class="reporter-method-output">Test Started</span>
              </div> <!-- reporter-method-output-div -->
            </div> <!-- reporter-method-div -->
            <div class="reporter-method-div">
              <span class="reporter-method-name">CheckOutProcess</span>
              <div class="reporter-method-output-div">
                <span class="reporter-method-output">Test Started</span>
              </div> <!-- reporter-method-output-div -->
            </div> <!-- reporter-method-div -->
            <div class="reporter-method-div">
              <span class="reporter-method-name">searching_Wt_Filters</span>
              <div class="reporter-method-output-div">
                <span class="reporter-method-output">Test Started</span>
                <span class="reporter-method-output">----------- Filter By Brand Test Pass -----------</span>
              </div> <!-- reporter-method-output-div -->
            </div> <!-- reporter-method-div -->
            <div class="reporter-method-div">
              <span class="reporter-method-name">PaymentMethod_Selection</span>
              <div class="reporter-method-output-div">
                <span class="reporter-method-output">Test Started</span>
              </div> <!-- reporter-method-output-div -->
            </div> <!-- reporter-method-div -->
            <div class="reporter-method-div">
              <span class="reporter-method-name">AddToCartTest_ProdctDeatils_Pg</span>
              <div class="reporter-method-output-div">
                <span class="reporter-method-output">Test Started</span>
              </div> <!-- reporter-method-output-div -->
            </div> <!-- reporter-method-div -->
          </div> <!-- main-panel-content rounded-window-bottom -->
        </div> <!-- panel -->
        <div panel-name="ignored-methods-Suite" class="panel">
          <div class="main-panel-header rounded-window-top">
            <span class="header-content">3 ignored methods</span>
          </div> <!-- main-panel-header rounded-window-top -->
          <div class="main-panel-content rounded-window-bottom">
            <div class="ignored-class-div">
              <span class="ignored-class-name">ECommerce_TestCases.TestCase09</span>
              <div class="ignored-methods-div">
                <span class="ignored-method-name">AddToCartTest_ProdctList_Pg</span>
                <br/>
              </div> <!-- ignored-methods-div -->
            </div> <!-- ignored-class-div -->
            <div class="ignored-class-div">
              <span class="ignored-class-name">ECommerce_TestCases.TestCase08_trial</span>
              <div class="ignored-methods-div">
                <span class="ignored-method-name">Sorting_Product_rating</span>
                <br/>
                <span class="ignored-method-name">Sorting_Product_ByPrice_HtoL</span>
                <br/>
              </div> <!-- ignored-methods-div -->
            </div> <!-- ignored-class-div -->
          </div> <!-- main-panel-content rounded-window-bottom -->
        </div> <!-- panel -->
        <div panel-name="chronological-Suite" class="panel">
          <div class="main-panel-header rounded-window-top">
            <span class="header-content">Methods in chronological order</span>
          </div> <!-- main-panel-header rounded-window-top -->
          <div class="main-panel-content rounded-window-bottom">
            <div class="chronological-class">
              <div class="chronological-class-name">ECommerce_TestCases.TestCase01</div> <!-- chronological-class-name -->
              <div class="configuration-method before">
                <span class="method-name">Launch_Amazon(chrome)</span>
                <span class="method-start">0 ms</span>
              </div> <!-- configuration-method before -->
              <div class="test-method">
                <span class="method-name">User_Registration_Test</span>
                <span class="method-start">5539 ms</span>
              </div> <!-- test-method -->
              <div class="configuration-method after">
                <span class="method-name">Quit_Amazon</span>
                <span class="method-start">16030 ms</span>
              </div> <!-- configuration-method after -->
              <div class="configuration-method before">
                <span class="method-name">Launch_Amazon(chrome)</span>
                <span class="method-start">16477 ms</span>
              </div> <!-- configuration-method before -->
              <div class="test-method">
                <span class="method-name">User_Registration_Test</span>
                <span class="method-start">20440 ms</span>
              </div> <!-- test-method -->
              <div class="configuration-method after">
                <span class="method-name">Quit_Amazon</span>
                <span class="method-start">37000 ms</span>
              </div> <!-- configuration-method after -->
            </div> <!-- chronological-class -->
            <div class="chronological-class">
              <div class="chronological-class-name">ECommerce_TestCases.TestCase08_trial</div> <!-- chronological-class-name -->
              <div class="configuration-method before">
                <span class="method-name">Launch_Amazon(chrome)</span>
                <span class="method-start">37555 ms</span>
              </div> <!-- configuration-method before -->
              <div class="test-method">
                <img src="failed.png">
                </img>
                <span class="method-name">Sorting_Product_ByPrice_LtoH</span>
                <span class="method-start">41167 ms</span>
              </div> <!-- test-method -->
              <div class="configuration-method after">
                <span class="method-name">Quit_Amazon</span>
                <span class="method-start">62358 ms</span>
              </div> <!-- configuration-method after -->
            </div> <!-- chronological-class -->
            <div class="chronological-class">
              <div class="chronological-class-name">ECommerce_TestCases.TestCase02</div> <!-- chronological-class-name -->
              <div class="configuration-method before">
                <span class="method-name">Launch_Amazon(chrome)</span>
                <span class="method-start">62792 ms</span>
              </div> <!-- configuration-method before -->
              <div class="test-method">
                <span class="method-name">SignIn</span>
                <span class="method-start">66687 ms</span>
              </div> <!-- test-method -->
              <div class="configuration-method after">
                <span class="method-name">Quit_Amazon</span>
                <span class="method-start">81790 ms</span>
              </div> <!-- configuration-method after -->
            </div> <!-- chronological-class -->
            <div class="chronological-class">
              <div class="chronological-class-name">ECommerce_TestCases.TestCase03</div> <!-- chronological-class-name -->
              <div class="configuration-method before">
                <span class="method-name">Launch_Amazon(chrome)</span>
                <span class="method-start">82260 ms</span>
              </div> <!-- configuration-method before -->
              <div class="test-method">
                <span class="method-name">SignIn_Invalid_Password</span>
                <span class="method-start">86012 ms</span>
              </div> <!-- test-method -->
              <div class="configuration-method after">
                <span class="method-name">Quit_Amazon</span>
                <span class="method-start">102035 ms</span>
              </div> <!-- configuration-method after -->
              <div class="configuration-method before">
                <span class="method-name">Launch_Amazon(chrome)</span>
                <span class="method-start">102450 ms</span>
              </div> <!-- configuration-method before -->
              <div class="test-method">
                <span class="method-name">SignIn_Invalid_UN</span>
                <span class="method-start">106691 ms</span>
              </div> <!-- test-method -->
              <div class="configuration-method after">
                <span class="method-name">Quit_Amazon</span>
                <span class="method-start">117513 ms</span>
              </div> <!-- configuration-method after -->
            </div> <!-- chronological-class -->
            <div class="chronological-class">
              <div class="chronological-class-name">ECommerce_TestCases.TestCase04</div> <!-- chronological-class-name -->
              <div class="configuration-method before">
                <span class="method-name">Launch_Amazon(chrome)</span>
                <span class="method-start">117923 ms</span>
              </div> <!-- configuration-method before -->
              <div class="test-method">
                <span class="method-name">Edit_info_from_LoginSecurity</span>
                <span class="method-start">122015 ms</span>
              </div> <!-- test-method -->
              <div class="configuration-method after">
                <span class="method-name">Quit_Amazon</span>
                <span class="method-start">149080 ms</span>
              </div> <!-- configuration-method after -->
            </div> <!-- chronological-class -->
            <div class="chronological-class">
              <div class="chronological-class-name">ECommerce_TestCases.TestCase05</div> <!-- chronological-class-name -->
              <div class="configuration-method before">
                <span class="method-name">Launch_Amazon(chrome)</span>
                <span class="method-start">149632 ms</span>
              </div> <!-- configuration-method before -->
              <div class="test-method">
                <span class="method-name">SearchProduct_Test</span>
                <span class="method-start">154171 ms</span>
              </div> <!-- test-method -->
              <div class="configuration-method after">
                <span class="method-name">Quit_Amazon</span>
                <span class="method-start">159757 ms</span>
              </div> <!-- configuration-method after -->
            </div> <!-- chronological-class -->
            <div class="chronological-class">
              <div class="chronological-class-name">ECommerce_TestCases.TestCase06</div> <!-- chronological-class-name -->
              <div class="configuration-method before">
                <span class="method-name">Launch_Amazon(chrome)</span>
                <span class="method-start">160288 ms</span>
              </div> <!-- configuration-method before -->
              <div class="test-method">
                <span class="method-name">searching_Wt_Filters</span>
                <span class="method-start">164636 ms</span>
              </div> <!-- test-method -->
              <div class="configuration-method after">
                <span class="method-name">Quit_Amazon</span>
                <span class="method-start">203196 ms</span>
              </div> <!-- configuration-method after -->
              <div class="configuration-method before">
                <span class="method-name">Launch_Amazon(chrome)</span>
                <span class="method-start">203630 ms</span>
              </div> <!-- configuration-method before -->
              <div class="test-method">
                <img src="failed.png">
                </img>
                <span class="method-name">searching_Wt_Filters</span>
                <span class="method-start">207599 ms</span>
              </div> <!-- test-method -->
              <div class="configuration-method after">
                <span class="method-name">Quit_Amazon</span>
                <span class="method-start">259255 ms</span>
              </div> <!-- configuration-method after -->
            </div> <!-- chronological-class -->
            <div class="chronological-class">
              <div class="chronological-class-name">ECommerce_TestCases.TestCase07</div> <!-- chronological-class-name -->
              <div class="configuration-method before">
                <span class="method-name">Launch_Amazon(chrome)</span>
                <span class="method-start">259755 ms</span>
              </div> <!-- configuration-method before -->
              <div class="test-method">
                <span class="method-name">product_Info</span>
                <span class="method-start">263999 ms</span>
              </div> <!-- test-method -->
              <div class="configuration-method after">
                <span class="method-name">Quit_Amazon</span>
                <span class="method-start">286930 ms</span>
              </div> <!-- configuration-method after -->
            </div> <!-- chronological-class -->
            <div class="chronological-class">
              <div class="chronological-class-name">ECommerce_TestCases.TestCase09</div> <!-- chronological-class-name -->
              <div class="configuration-method before">
                <span class="method-name">Launch_Amazon(chrome)</span>
                <span class="method-start">287355 ms</span>
              </div> <!-- configuration-method before -->
              <div class="test-method">
                <span class="method-name">AddToCartTest_ProdctDeatils_Pg</span>
                <span class="method-start">291637 ms</span>
              </div> <!-- test-method -->
              <div class="configuration-method after">
                <span class="method-name">Quit_Amazon</span>
                <span class="method-start">301769 ms</span>
              </div> <!-- configuration-method after -->
              <div class="configuration-method before">
                <span class="method-name">Launch_Amazon(chrome)</span>
                <span class="method-start">302146 ms</span>
              </div> <!-- configuration-method before -->
              <div class="test-method">
                <span class="method-name">AddToCartTest_ProdctDeatils_Pg</span>
                <span class="method-start">306303 ms</span>
              </div> <!-- test-method -->
              <div class="configuration-method after">
                <span class="method-name">Quit_Amazon</span>
                <span class="method-start">329621 ms</span>
              </div> <!-- configuration-method after -->
            </div> <!-- chronological-class -->
            <div class="chronological-class">
              <div class="chronological-class-name">ECommerce_TestCases.TestCase10</div> <!-- chronological-class-name -->
              <div class="configuration-method before">
                <span class="method-name">Launch_Amazon(chrome)</span>
                <span class="method-start">330038 ms</span>
              </div> <!-- configuration-method before -->
              <div class="test-method">
                <span class="method-name">cartUpdateTest</span>
                <span class="method-start">333753 ms</span>
              </div> <!-- test-method -->
              <div class="configuration-method after">
                <span class="method-name">Quit_Amazon</span>
                <span class="method-start">385128 ms</span>
              </div> <!-- configuration-method after -->
            </div> <!-- chronological-class -->
            <div class="chronological-class">
              <div class="chronological-class-name">ECommerce_TestCases.TestCase11_trial</div> <!-- chronological-class-name -->
              <div class="configuration-method before">
                <span class="method-name">Launch_Amazon(chrome)</span>
                <span class="method-start">385766 ms</span>
              </div> <!-- configuration-method before -->
              <div class="test-method">
                <span class="method-name">CheckOutProcess</span>
                <span class="method-start">390121 ms</span>
              </div> <!-- test-method -->
              <div class="configuration-method after">
                <span class="method-name">Quit_Amazon</span>
                <span class="method-start">471535 ms</span>
              </div> <!-- configuration-method after -->
              <div class="configuration-method before">
                <span class="method-name">Launch_Amazon(chrome)</span>
                <span class="method-start">472049 ms</span>
              </div> <!-- configuration-method before -->
              <div class="test-method">
                <span class="method-name">CheckOutProcess</span>
                <span class="method-start">475976 ms</span>
              </div> <!-- test-method -->
              <div class="configuration-method after">
                <span class="method-name">Quit_Amazon</span>
                <span class="method-start">548611 ms</span>
              </div> <!-- configuration-method after -->
            </div> <!-- chronological-class -->
            <div class="chronological-class">
              <div class="chronological-class-name">ECommerce_TestCases.TestCase12</div> <!-- chronological-class-name -->
              <div class="configuration-method before">
                <span class="method-name">Launch_Amazon(chrome)</span>
                <span class="method-start">549225 ms</span>
              </div> <!-- configuration-method before -->
              <div class="test-method">
                <span class="method-name">PaymentMethod_Selection</span>
                <span class="method-start">554026 ms</span>
              </div> <!-- test-method -->
              <div class="configuration-method after">
                <span class="method-name">Quit_Amazon</span>
                <span class="method-start">624758 ms</span>
              </div> <!-- configuration-method after -->
              <div class="configuration-method before">
                <span class="method-name">Launch_Amazon(chrome)</span>
                <span class="method-start">625304 ms</span>
              </div> <!-- configuration-method before -->
              <div class="test-method">
                <span class="method-name">PaymentMethod_Selection</span>
                <span class="method-start">630747 ms</span>
              </div> <!-- test-method -->
              <div class="configuration-method after">
                <span class="method-name">Quit_Amazon</span>
                <span class="method-start">679353 ms</span>
              </div> <!-- configuration-method after -->
            </div> <!-- chronological-class -->
            <div class="chronological-class">
              <div class="chronological-class-name">ECommerce_TestCases.TestCase13</div> <!-- chronological-class-name -->
              <div class="configuration-method before">
                <span class="method-name">Launch_Amazon(chrome)</span>
                <span class="method-start">679904 ms</span>
              </div> <!-- configuration-method before -->
              <div class="test-method">
                <span class="method-name">CheckOutProcess_Enter_PromoCode</span>
                <span class="method-start">684605 ms</span>
              </div> <!-- test-method -->
              <div class="configuration-method after">
                <span class="method-name">Quit_Amazon</span>
                <span class="method-start">708997 ms</span>
              </div> <!-- configuration-method after -->
            </div> <!-- chronological-class -->
            <div class="chronological-class">
              <div class="chronological-class-name">ECommerce_TestCases.TestCase14</div> <!-- chronological-class-name -->
              <div class="configuration-method before">
                <span class="method-name">Launch_Amazon(chrome)</span>
                <span class="method-start">709517 ms</span>
              </div> <!-- configuration-method before -->
              <div class="test-method">
                <span class="method-name">WriteReviews</span>
                <span class="method-start">713557 ms</span>
              </div> <!-- test-method -->
              <div class="configuration-method after">
                <span class="method-name">Quit_Amazon</span>
                <span class="method-start">740956 ms</span>
              </div> <!-- configuration-method after -->
            </div> <!-- chronological-class -->
            <div class="chronological-class">
              <div class="chronological-class-name">ECommerce_TestCases.TestCase15</div> <!-- chronological-class-name -->
              <div class="configuration-method before">
                <span class="method-name">Launch_Amazon(chrome)</span>
                <span class="method-start">741413 ms</span>
              </div> <!-- configuration-method before -->
              <div class="test-method">
                <span class="method-name">Reach_To_Cart_Test</span>
                <span class="method-start">745789 ms</span>
              </div> <!-- test-method -->
              <div class="configuration-method after">
                <span class="method-name">Quit_Amazon</span>
                <span class="method-start">760333 ms</span>
              </div> <!-- configuration-method after -->
          </div> <!-- main-panel-content rounded-window-bottom -->
        </div> <!-- panel -->
      </div> <!-- main-panel-root -->
    </div> <!-- wrapper -->
  </body>
<script type="text/javascript" src="testng-reports2.js"></script>
</html>
