<!DOCTYPE html PUBLIC "-//W3C//DTD XHTML 1.1//EN" "https://www.w3.org/TR/xhtml11/DTD/xhtml11.dtd">
<html xmlns="https://www.w3.org/1999/xhtml">
<head>
<meta http-equiv="content-type" content="text/html; charset=UTF-8"/>
<title>TestNG Report</title>
<style type="text/css">table {margin-bottom:10px;border-collapse:collapse;empty-cells:show}th,td {border:1px solid #009;padding:.25em .5em}th {vertical-align:bottom}td {vertical-align:top}table a {font-weight:bold}.stripe td {background-color: #E6EBF9}.num {text-align:right}.passedodd td {background-color: #3F3}.passedeven td {background-color: #0A0}.skippedodd td {background-color: #DDD}.skippedeven td {background-color: #CCC}.failedodd td,.attn {background-color: #F33}.failedeven td,.stripe .attn {background-color: #D00}.stacktrace {white-space:pre;font-family:monospace}.totop {font-size:85%;text-align:center;border-bottom:2px solid #000}.invisible {display:none}</style>
</head>
<body>
<table>
<tr><th>Test</th><th># Passed</th><th># Skipped</th><th># Retried</th><th># Failed</th><th>Time (ms)</th><th>Included Groups</th><th>Excluded Groups</th></tr>
<tr><th colspan="8">Suite</th></tr>
<tr><td><a href="#t0">Test</a></td><td class="num">11</td><td class="num">0</td><td class="num attn">4</td><td class="num attn">4</td><td class="num">344,102</td><td></td><td></td></tr>
</table>
<table id='summary'><thead><tr><th>Class</th><th>Method</th><th>Start</th><th>Time (ms)</th></tr></thead><tbody><tr><th colspan="4">Suite</th></tr></tbody><tbody id="t0"><tr><th colspan="4">Test &#8212; failed</th></tr><tr class="failedeven"><td rowspan="1">ECommerce_TestCases.TestCase01</td><td><a href="#m0">User_Registration_Test</a></td><td rowspan="1">1733507566818</td><td rowspan="1">12540</td></tr><tr class="failedodd"><td rowspan="1">ECommerce_TestCases.TestCase06</td><td><a href="#m1">searching_Wt_Filters</a></td><td rowspan="1">1733507646877</td><td rowspan="1">13791</td></tr><tr class="failedeven"><td rowspan="1">ECommerce_TestCases.TestCase10</td><td><a href="#m2">cartUpdateTest</a></td><td rowspan="1">1733507721003</td><td rowspan="1">18423</td></tr><tr class="failedodd"><td rowspan="1">ECommerce_TestCases.TestCase11_trial</td><td><a href="#m3">CheckOutProcess_CashOnDelivery_Method</a></td><td rowspan="1">1733507743273</td><td rowspan="1">31887</td></tr><tr><th colspan="4">Test &#8212; retried</th></tr><tr class="retriedeven"><td rowspan="1">ECommerce_TestCases.TestCase01</td><td><a href="#m4">User_Registration_Test</a></td><td rowspan="1">1733507552572</td><td rowspan="1">10394</td></tr><tr class="retriedodd"><td rowspan="1">ECommerce_TestCases.TestCase06</td><td><a href="#m5">searching_Wt_Filters</a></td><td rowspan="1">1733507627609</td><td rowspan="1">15202</td></tr><tr class="retriedeven"><td rowspan="1">ECommerce_TestCases.TestCase10</td><td><a href="#m6">cartUpdateTest</a></td><td rowspan="1">1733507692680</td><td rowspan="1">24715</td></tr><tr class="retriedodd"><td rowspan="1">ECommerce_TestCases.TestCase14</td><td><a href="#m7">WriteReviews</a></td><td rowspan="1">1733507841125</td><td rowspan="1">16110</td></tr><tr><th colspan="4">Test &#8212; passed</th></tr><tr class="passedeven"><td rowspan="1">ECommerce_TestCases.TestCase02</td><td><a href="#m8">SignIn</a></td><td rowspan="1">1733507582919</td><td rowspan="1">5114</td></tr><tr class="passedodd"><td rowspan="2">ECommerce_TestCases.TestCase03</td><td><a href="#m9">SignIn_Invalid_Password</a></td><td rowspan="1">1733507591497</td><td rowspan="1">3702</td></tr><tr class="passedodd"><td><a href="#m10">SignIn_Invalid_UN</a></td><td rowspan="1">1733507599201</td><td rowspan="1">1902</td></tr><tr class="passedeven"><td rowspan="1">ECommerce_TestCases.TestCase04</td><td><a href="#m11">Edit_info_from_LoginSecurity</a></td><td rowspan="1">1733507604980</td><td rowspan="1">10125</td></tr><tr class="passedodd"><td rowspan="1">ECommerce_TestCases.TestCase05</td><td><a href="#m12">SearchProduct_Test</a></td><td rowspan="1">1733507619312</td><td rowspan="1">4597</td></tr><tr class="passedeven"><td rowspan="1">ECommerce_TestCases.TestCase07</td><td><a href="#m13">product_Info</a></td><td rowspan="1">1733507664184</td><td rowspan="1">8042</td></tr><tr class="passedodd"><td rowspan="1">ECommerce_TestCases.TestCase09</td><td><a href="#m14">AddToCartTest_ProdctDeatils_Pg</a></td><td rowspan="1">1733507676216</td><td rowspan="1">13197</td></tr><tr class="passedeven"><td rowspan="1">ECommerce_TestCases.TestCase12</td><td><a href="#m15">PaymentMethod_Selection</a></td><td rowspan="1">1733507779013</td><td rowspan="1">35641</td></tr><tr class="passedodd"><td rowspan="1">ECommerce_TestCases.TestCase13</td><td><a href="#m16">CheckOutProcess_Enter_PromoCode</a></td><td rowspan="1">1733507818975</td><td rowspan="1">17967</td></tr><tr class="passedeven"><td rowspan="1">ECommerce_TestCases.TestCase14</td><td><a href="#m17">WriteReviews</a></td><td rowspan="1">1733507860365</td><td rowspan="1">14577</td></tr><tr class="passedodd"><td rowspan="1">ECommerce_TestCases.TestCase15</td><td><a href="#m18">Reach_To_Cart_Test</a></td><td rowspan="1">1733507878536</td><td rowspan="1">13289</td></tr></tbody>
</table>
<h2>Test</h2><h3 id="m0">ECommerce_TestCases.TestCase01#User_Registration_Test</h3><table class="result"><tr><th>Messages</th></tr><tr><td><div class="messages">Test Started</div></td></tr><tr><th>Exception</th></tr><tr><td><div class="stacktrace">org.openqa.selenium.NoSuchElementException: no such element: Unable to locate element: {&quot;method&quot;:&quot;xpath&quot;,&quot;selector&quot;:&quot;(//div[@class=&apos;a-box-inner a-alert-container&apos;]/div)[1]&quot;}
  (Session info: chrome=131.0.6778.109)
For documentation on this error, please visit: https://www.selenium.dev/documentation/webdriver/troubleshooting/errors#no-such-element-exception
Build info: version: &apos;4.25.0&apos;, revision: &apos;8a8aea2337&apos;
System info: os.name: &apos;Windows 11&apos;, os.arch: &apos;amd64&apos;, os.version: &apos;10.0&apos;, java.version: &apos;22.0.1&apos;
Driver info: org.openqa.selenium.chrome.ChromeDriver
Command: [3e917ae76d71426b3f965c6b372678b9, findElement {using=xpath, value=(//div[@class=&apos;a-box-inner a-alert-container&apos;]/div)[1]}]
Capabilities {acceptInsecureCerts: false, browserName: chrome, browserVersion: 131.0.6778.109, chrome: {chromedriverVersion: 131.0.6778.87 (ce31cae94873..., userDataDir: C:\WINDOWS\SystemTemp\scope...}, fedcm:accounts: true, goog:chromeOptions: {debuggerAddress: localhost:53418}, networkConnectionEnabled: false, pageLoadStrategy: normal, platformName: windows, proxy: Proxy(), se:cdp: ws://localhost:53418/devtoo..., se:cdpVersion: 131.0.6778.109, setWindowRect: true, strictFileInteractability: false, timeouts: {implicit: 0, pageLoad: 300000, script: 30000}, unhandledPromptBehavior: dismiss and notify, webauthn:extension:credBlob: true, webauthn:extension:largeBlob: true, webauthn:extension:minPinLength: true, webauthn:extension:prf: true, webauthn:virtualAuthenticators: true}
Session ID: 3e917ae76d71426b3f965c6b372678b9
	at org.openqa.selenium.remote.ErrorCodec.decode(ErrorCodec.java:167)
	at org.openqa.selenium.remote.codec.w3c.W3CHttpResponseCodec.decode(W3CHttpResponseCodec.java:138)
	at org.openqa.selenium.remote.codec.w3c.W3CHttpResponseCodec.decode(W3CHttpResponseCodec.java:50)
	at org.openqa.selenium.remote.HttpCommandExecutor.execute(HttpCommandExecutor.java:190)
	at org.openqa.selenium.remote.service.DriverCommandExecutor.invokeExecute(DriverCommandExecutor.java:216)
	at org.openqa.selenium.remote.service.DriverCommandExecutor.execute(DriverCommandExecutor.java:174)
	at org.openqa.selenium.remote.RemoteWebDriver.execute(RemoteWebDriver.java:545)
	at org.openqa.selenium.remote.ElementLocation$ElementFinder$2.findElement(ElementLocation.java:165)
	at org.openqa.selenium.remote.ElementLocation.findElement(ElementLocation.java:59)
	at org.openqa.selenium.remote.RemoteWebDriver.findElement(RemoteWebDriver.java:368)
	at org.openqa.selenium.remote.RemoteWebDriver.findElement(RemoteWebDriver.java:362)
	at org.openqa.selenium.support.pagefactory.DefaultElementLocator.findElement(DefaultElementLocator.java:68)
	at org.openqa.selenium.support.pagefactory.internal.LocatingElementHandler.invoke(LocatingElementHandler.java:38)
	at jdk.proxy2/jdk.proxy2.$Proxy15.getText(Unknown Source)
	at ECommerce_TestCases.TestCase01.User_Registration_Test(TestCase01.java:33)
	at java.base/java.util.ArrayList.forEach(ArrayList.java:1597)
	at java.base/java.util.concurrent.FutureTask.run(FutureTask.java:317)
	at java.base/java.util.concurrent.ThreadPoolExecutor.runWorker(ThreadPoolExecutor.java:1144)
	at java.base/java.util.concurrent.ThreadPoolExecutor$Worker.run(ThreadPoolExecutor.java:642)
	at java.base/java.lang.Thread.run(Thread.java:1570)
... Removed 19 stack frames</div></td></tr></table><p class="totop"><a href="#summary">back to summary</a></p>
<h3 id="m1">ECommerce_TestCases.TestCase06#searching_Wt_Filters</h3><table class="result"><tr><th>Messages</th></tr><tr><td><div class="messages">Test Started<br/>----------- Filter By Brand Test Pass -----------</div></td></tr><tr><th>Exception</th></tr><tr><td><div class="stacktrace">java.lang.AssertionError: filtered product list has wrong discount product expected [0] but found [5]
	at ECommerce_TestCases.TestCase06.searching_Wt_Filters(TestCase06.java:53)
	at java.base/java.util.ArrayList.forEach(ArrayList.java:1597)
	at java.base/java.util.concurrent.FutureTask.run(FutureTask.java:317)
	at java.base/java.util.concurrent.ThreadPoolExecutor.runWorker(ThreadPoolExecutor.java:1144)
	at java.base/java.util.concurrent.ThreadPoolExecutor$Worker.run(ThreadPoolExecutor.java:642)
	at java.base/java.lang.Thread.run(Thread.java:1570)
... Removed 21 stack frames</div></td></tr></table><p class="totop"><a href="#summary">back to summary</a></p>
<h3 id="m2">ECommerce_TestCases.TestCase10#cartUpdateTest</h3><table class="result"><tr><th>Messages</th></tr><tr><td><div class="messages">Test Started</div></td></tr><tr><th>Exception</th></tr><tr><td><div class="stacktrace">org.openqa.selenium.StaleElementReferenceException: stale element reference: stale element not found in the current frame
  (Session info: chrome=131.0.6778.109)
For documentation on this error, please visit: https://www.selenium.dev/documentation/webdriver/troubleshooting/errors#stale-element-reference-exception
Build info: version: &apos;4.25.0&apos;, revision: &apos;8a8aea2337&apos;
System info: os.name: &apos;Windows 11&apos;, os.arch: &apos;amd64&apos;, os.version: &apos;10.0&apos;, java.version: &apos;22.0.1&apos;
Driver info: org.openqa.selenium.chrome.ChromeDriver
Command: [91a96bcd72d22ec63d3282bc3d07b09e, clickElement {id=f.1FEE29088B9DFE375A7140BF19EF77FD.d.E84AD2DF9C492BBA11C5E48B408B4083.e.292}]
Capabilities {acceptInsecureCerts: false, browserName: chrome, browserVersion: 131.0.6778.109, chrome: {chromedriverVersion: 131.0.6778.87 (ce31cae94873..., userDataDir: C:\WINDOWS\SystemTemp\scope...}, fedcm:accounts: true, goog:chromeOptions: {debuggerAddress: localhost:54624}, networkConnectionEnabled: false, pageLoadStrategy: normal, platformName: windows, proxy: Proxy(), se:cdp: ws://localhost:54624/devtoo..., se:cdpVersion: 131.0.6778.109, setWindowRect: true, strictFileInteractability: false, timeouts: {implicit: 0, pageLoad: 300000, script: 30000}, unhandledPromptBehavior: dismiss and notify, webauthn:extension:credBlob: true, webauthn:extension:largeBlob: true, webauthn:extension:minPinLength: true, webauthn:extension:prf: true, webauthn:virtualAuthenticators: true}
Element: [[ChromeDriver: chrome on windows (91a96bcd72d22ec63d3282bc3d07b09e)] -&gt; xpath: //span[@class=&apos;a-icon a-icon-small-add&apos;]]
Session ID: 91a96bcd72d22ec63d3282bc3d07b09e
	at org.openqa.selenium.remote.ErrorCodec.decode(ErrorCodec.java:167)
	at org.openqa.selenium.remote.codec.w3c.W3CHttpResponseCodec.decode(W3CHttpResponseCodec.java:138)
	at org.openqa.selenium.remote.codec.w3c.W3CHttpResponseCodec.decode(W3CHttpResponseCodec.java:50)
	at org.openqa.selenium.remote.HttpCommandExecutor.execute(HttpCommandExecutor.java:190)
	at org.openqa.selenium.remote.service.DriverCommandExecutor.invokeExecute(DriverCommandExecutor.java:216)
	at org.openqa.selenium.remote.service.DriverCommandExecutor.execute(DriverCommandExecutor.java:174)
	at org.openqa.selenium.remote.RemoteWebDriver.execute(RemoteWebDriver.java:545)
	at org.openqa.selenium.remote.RemoteWebElement.execute(RemoteWebElement.java:223)
	at org.openqa.selenium.remote.RemoteWebElement.click(RemoteWebElement.java:76)
	at org.openqa.selenium.support.pagefactory.internal.LocatingElementHandler.invoke(LocatingElementHandler.java:51)
	at jdk.proxy2/jdk.proxy2.$Proxy15.click(Unknown Source)
	at ECommerce_Source.ShoppingCartPage.addQty(ShoppingCartPage.java:62)
	at ECommerce_TestCases.TestCase10.cartUpdateTest(TestCase10.java:66)
	at java.base/java.util.ArrayList.forEach(ArrayList.java:1597)
	at java.base/java.util.concurrent.FutureTask.run(FutureTask.java:317)
	at java.base/java.util.concurrent.ThreadPoolExecutor.runWorker(ThreadPoolExecutor.java:1144)
	at java.base/java.util.concurrent.ThreadPoolExecutor$Worker.run(ThreadPoolExecutor.java:642)
	at java.base/java.lang.Thread.run(Thread.java:1570)
... Removed 21 stack frames</div></td></tr></table><p class="totop"><a href="#summary">back to summary</a></p>
<h3 id="m3">ECommerce_TestCases.TestCase11_trial#CheckOutProcess_CashOnDelivery_Method</h3><table class="result"><tr><th>Messages</th></tr><tr><td><div class="messages">Test Started</div></td></tr><tr><th>Exception</th></tr><tr><td><div class="stacktrace">org.openqa.selenium.NoSuchElementException: no such element: Unable to locate element: {&quot;method&quot;:&quot;xpath&quot;,&quot;selector&quot;:&quot;((//div[@class=&apos;a-fixed-left-grid-col a-col-left&apos;])/div/label/input)[2]&quot;}
  (Session info: chrome=131.0.6778.109)
For documentation on this error, please visit: https://www.selenium.dev/documentation/webdriver/troubleshooting/errors#no-such-element-exception
Build info: version: &apos;4.25.0&apos;, revision: &apos;8a8aea2337&apos;
System info: os.name: &apos;Windows 11&apos;, os.arch: &apos;amd64&apos;, os.version: &apos;10.0&apos;, java.version: &apos;22.0.1&apos;
Driver info: org.openqa.selenium.chrome.ChromeDriver
Command: [745d356121c3fe62421249f765d6ae09, findElement {using=xpath, value=((//div[@class=&apos;a-fixed-left-grid-col a-col-left&apos;])/div/label/input)[2]}]
Capabilities {acceptInsecureCerts: false, browserName: chrome, browserVersion: 131.0.6778.109, chrome: {chromedriverVersion: 131.0.6778.87 (ce31cae94873..., userDataDir: C:\WINDOWS\SystemTemp\scope...}, fedcm:accounts: true, goog:chromeOptions: {debuggerAddress: localhost:54787}, networkConnectionEnabled: false, pageLoadStrategy: normal, platformName: windows, proxy: Proxy(), se:cdp: ws://localhost:54787/devtoo..., se:cdpVersion: 131.0.6778.109, setWindowRect: true, strictFileInteractability: false, timeouts: {implicit: 0, pageLoad: 300000, script: 30000}, unhandledPromptBehavior: dismiss and notify, webauthn:extension:credBlob: true, webauthn:extension:largeBlob: true, webauthn:extension:minPinLength: true, webauthn:extension:prf: true, webauthn:virtualAuthenticators: true}
Session ID: 745d356121c3fe62421249f765d6ae09
	at org.openqa.selenium.remote.ErrorCodec.decode(ErrorCodec.java:167)
	at org.openqa.selenium.remote.codec.w3c.W3CHttpResponseCodec.decode(W3CHttpResponseCodec.java:138)
	at org.openqa.selenium.remote.codec.w3c.W3CHttpResponseCodec.decode(W3CHttpResponseCodec.java:50)
	at org.openqa.selenium.remote.HttpCommandExecutor.execute(HttpCommandExecutor.java:190)
	at org.openqa.selenium.remote.service.DriverCommandExecutor.invokeExecute(DriverCommandExecutor.java:216)
	at org.openqa.selenium.remote.service.DriverCommandExecutor.execute(DriverCommandExecutor.java:174)
	at org.openqa.selenium.remote.RemoteWebDriver.execute(RemoteWebDriver.java:545)
	at org.openqa.selenium.remote.ElementLocation$ElementFinder$2.findElement(ElementLocation.java:165)
	at org.openqa.selenium.remote.ElementLocation.findElement(ElementLocation.java:59)
	at org.openqa.selenium.remote.RemoteWebDriver.findElement(RemoteWebDriver.java:368)
	at org.openqa.selenium.remote.RemoteWebDriver.findElement(RemoteWebDriver.java:362)
	at org.openqa.selenium.support.pagefactory.DefaultElementLocator.findElement(DefaultElementLocator.java:68)
	at org.openqa.selenium.support.pagefactory.internal.LocatingElementHandler.invoke(LocatingElementHandler.java:38)
	at jdk.proxy2/jdk.proxy2.$Proxy15.isDisplayed(Unknown Source)
	at ECommerce_TestCases.TestCase11_trial.CheckOutProcess_CashOnDelivery_Method(TestCase11_trial.java:58)
	at java.base/java.util.ArrayList.forEach(ArrayList.java:1597)
	at java.base/java.util.concurrent.FutureTask.run(FutureTask.java:317)
	at java.base/java.util.concurrent.ThreadPoolExecutor.runWorker(ThreadPoolExecutor.java:1144)
	at java.base/java.util.concurrent.ThreadPoolExecutor$Worker.run(ThreadPoolExecutor.java:642)
	at java.base/java.lang.Thread.run(Thread.java:1570)
... Removed 19 stack frames</div></td></tr></table><p class="totop"><a href="#summary">back to summary</a></p>
<h3 id="m4">ECommerce_TestCases.TestCase01#User_Registration_Test</h3><table class="result"><tr><th>Messages</th></tr><tr><td><div class="messages">Test Started</div></td></tr><tr><th>Exception</th></tr><tr><td><div class="stacktrace">org.openqa.selenium.ElementNotInteractableException: element not interactable
  (Session info: chrome=131.0.6778.109)
Build info: version: &apos;4.25.0&apos;, revision: &apos;8a8aea2337&apos;
System info: os.name: &apos;Windows 11&apos;, os.arch: &apos;amd64&apos;, os.version: &apos;10.0&apos;, java.version: &apos;22.0.1&apos;
Driver info: org.openqa.selenium.chrome.ChromeDriver
Command: [69d34fc2d2bbb5e251ab3f65b502b05e, clickElement {id=f.16FAC47EA08F3C9FA9ACEAAA2CCA9BF6.d.A7790CE9C9D4F34B722DC967BF92579C.e.119}]
Capabilities {acceptInsecureCerts: false, browserName: chrome, browserVersion: 131.0.6778.109, chrome: {chromedriverVersion: 131.0.6778.87 (ce31cae94873..., userDataDir: C:\WINDOWS\SystemTemp\scope...}, fedcm:accounts: true, goog:chromeOptions: {debuggerAddress: localhost:53308}, networkConnectionEnabled: false, pageLoadStrategy: normal, platformName: windows, proxy: Proxy(), se:cdp: ws://localhost:53308/devtoo..., se:cdpVersion: 131.0.6778.109, setWindowRect: true, strictFileInteractability: false, timeouts: {implicit: 0, pageLoad: 300000, script: 30000}, unhandledPromptBehavior: dismiss and notify, webauthn:extension:credBlob: true, webauthn:extension:largeBlob: true, webauthn:extension:minPinLength: true, webauthn:extension:prf: true, webauthn:virtualAuthenticators: true}
Element: [[ChromeDriver: chrome on windows (69d34fc2d2bbb5e251ab3f65b502b05e)] -&gt; xpath: (//a[.=&apos;Start here.&apos;])[1]]
Session ID: 69d34fc2d2bbb5e251ab3f65b502b05e
	at org.openqa.selenium.remote.ErrorCodec.decode(ErrorCodec.java:167)
	at org.openqa.selenium.remote.codec.w3c.W3CHttpResponseCodec.decode(W3CHttpResponseCodec.java:138)
	at org.openqa.selenium.remote.codec.w3c.W3CHttpResponseCodec.decode(W3CHttpResponseCodec.java:50)
	at org.openqa.selenium.remote.HttpCommandExecutor.execute(HttpCommandExecutor.java:190)
	at org.openqa.selenium.remote.service.DriverCommandExecutor.invokeExecute(DriverCommandExecutor.java:216)
	at org.openqa.selenium.remote.service.DriverCommandExecutor.execute(DriverCommandExecutor.java:174)
	at org.openqa.selenium.remote.RemoteWebDriver.execute(RemoteWebDriver.java:545)
	at org.openqa.selenium.remote.RemoteWebElement.execute(RemoteWebElement.java:223)
	at org.openqa.selenium.remote.RemoteWebElement.click(RemoteWebElement.java:76)
	at org.openqa.selenium.support.pagefactory.internal.LocatingElementHandler.invoke(LocatingElementHandler.java:51)
	at jdk.proxy2/jdk.proxy2.$Proxy15.click(Unknown Source)
	at ECommerce_Source.HomePage.startHere_Click(HomePage.java:57)
	at ECommerce_TestCases.TestCase01.User_Registration_Test(TestCase01.java:23)
	at java.base/java.util.ArrayList.forEach(ArrayList.java:1597)
	at java.base/java.util.concurrent.FutureTask.run(FutureTask.java:317)
	at java.base/java.util.concurrent.ThreadPoolExecutor.runWorker(ThreadPoolExecutor.java:1144)
	at java.base/java.util.concurrent.ThreadPoolExecutor$Worker.run(ThreadPoolExecutor.java:642)
	at java.base/java.lang.Thread.run(Thread.java:1570)
... Removed 21 stack frames</div></td></tr></table><p class="totop"><a href="#summary">back to summary</a></p>
<h3 id="m5">ECommerce_TestCases.TestCase06#searching_Wt_Filters</h3><table class="result"><tr><th>Messages</th></tr><tr><td><div class="messages">Test Started<br/>----------- Filter By Brand Test Pass -----------</div></td></tr><tr><th>Exception</th></tr><tr><td><div class="stacktrace">java.lang.AssertionError: filtered product list has wrong discount product expected [0] but found [5]
	at ECommerce_TestCases.TestCase06.searching_Wt_Filters(TestCase06.java:53)
	at java.base/java.util.ArrayList.forEach(ArrayList.java:1597)
	at java.base/java.util.concurrent.FutureTask.run(FutureTask.java:317)
	at java.base/java.util.concurrent.ThreadPoolExecutor.runWorker(ThreadPoolExecutor.java:1144)
	at java.base/java.util.concurrent.ThreadPoolExecutor$Worker.run(ThreadPoolExecutor.java:642)
	at java.base/java.lang.Thread.run(Thread.java:1570)
... Removed 21 stack frames</div></td></tr></table><p class="totop"><a href="#summary">back to summary</a></p>
<h3 id="m6">ECommerce_TestCases.TestCase10#cartUpdateTest</h3><table class="result"><tr><th>Messages</th></tr><tr><td><div class="messages">Test Started</div></td></tr><tr><th>Exception</th></tr><tr><td><div class="stacktrace">org.openqa.selenium.ElementNotInteractableException: element not interactable
  (Session info: chrome=131.0.6778.109)
Build info: version: &apos;4.25.0&apos;, revision: &apos;8a8aea2337&apos;
System info: os.name: &apos;Windows 11&apos;, os.arch: &apos;amd64&apos;, os.version: &apos;10.0&apos;, java.version: &apos;22.0.1&apos;
Driver info: org.openqa.selenium.chrome.ChromeDriver
Command: [10988e099a0e29cc7c744d8fb5933a56, clickElement {id=f.4DF3CB82A3F7278554B3ED874AD5B6E9.d.772BB99B2F77950C66FFEF87386D1B74.e.65}]
Capabilities {acceptInsecureCerts: false, browserName: chrome, browserVersion: 131.0.6778.109, chrome: {chromedriverVersion: 131.0.6778.87 (ce31cae94873..., userDataDir: C:\WINDOWS\SystemTemp\scope...}, fedcm:accounts: true, goog:chromeOptions: {debuggerAddress: localhost:54477}, networkConnectionEnabled: false, pageLoadStrategy: normal, platformName: windows, proxy: Proxy(), se:cdp: ws://localhost:54477/devtoo..., se:cdpVersion: 131.0.6778.109, setWindowRect: true, strictFileInteractability: false, timeouts: {implicit: 0, pageLoad: 300000, script: 30000}, unhandledPromptBehavior: dismiss and notify, webauthn:extension:credBlob: true, webauthn:extension:largeBlob: true, webauthn:extension:minPinLength: true, webauthn:extension:prf: true, webauthn:virtualAuthenticators: true}
Element: [[ChromeDriver: chrome on windows (10988e099a0e29cc7c744d8fb5933a56)] -&gt; id: add-to-cart-button]
Session ID: 10988e099a0e29cc7c744d8fb5933a56
	at org.openqa.selenium.remote.ErrorCodec.decode(ErrorCodec.java:167)
	at org.openqa.selenium.remote.codec.w3c.W3CHttpResponseCodec.decode(W3CHttpResponseCodec.java:138)
	at org.openqa.selenium.remote.codec.w3c.W3CHttpResponseCodec.decode(W3CHttpResponseCodec.java:50)
	at org.openqa.selenium.remote.HttpCommandExecutor.execute(HttpCommandExecutor.java:190)
	at org.openqa.selenium.remote.service.DriverCommandExecutor.invokeExecute(DriverCommandExecutor.java:216)
	at org.openqa.selenium.remote.service.DriverCommandExecutor.execute(DriverCommandExecutor.java:174)
	at org.openqa.selenium.remote.RemoteWebDriver.execute(RemoteWebDriver.java:545)
	at org.openqa.selenium.remote.RemoteWebElement.execute(RemoteWebElement.java:223)
	at org.openqa.selenium.remote.RemoteWebElement.click(RemoteWebElement.java:76)
	at org.openqa.selenium.support.pagefactory.internal.LocatingElementHandler.invoke(LocatingElementHandler.java:51)
	at jdk.proxy2/jdk.proxy2.$Proxy15.click(Unknown Source)
	at ECommerce_Source.ProductPage.addTo_Cart(ProductPage.java:32)
	at ECommerce_TestCases.TestCase10.cartUpdateTest(TestCase10.java:54)
	at java.base/java.util.ArrayList.forEach(ArrayList.java:1597)
	at java.base/java.util.concurrent.FutureTask.run(FutureTask.java:317)
	at java.base/java.util.concurrent.ThreadPoolExecutor.runWorker(ThreadPoolExecutor.java:1144)
	at java.base/java.util.concurrent.ThreadPoolExecutor$Worker.run(ThreadPoolExecutor.java:642)
	at java.base/java.lang.Thread.run(Thread.java:1570)
... Removed 21 stack frames</div></td></tr></table><p class="totop"><a href="#summary">back to summary</a></p>
<h3 id="m7">ECommerce_TestCases.TestCase14#WriteReviews</h3><table class="result"><tr><th>Messages</th></tr><tr><td><div class="messages">Test Started</div></td></tr><tr><th>Exception</th></tr><tr><td><div class="stacktrace">org.openqa.selenium.NoSuchElementException: no such element: Unable to locate element: {&quot;method&quot;:&quot;css selector&quot;,&quot;selector&quot;:&quot;#time\-filter&quot;}
  (Session info: chrome=131.0.6778.109)
For documentation on this error, please visit: https://www.selenium.dev/documentation/webdriver/troubleshooting/errors#no-such-element-exception
Build info: version: &apos;4.25.0&apos;, revision: &apos;8a8aea2337&apos;
System info: os.name: &apos;Windows 11&apos;, os.arch: &apos;amd64&apos;, os.version: &apos;10.0&apos;, java.version: &apos;22.0.1&apos;
Driver info: org.openqa.selenium.chrome.ChromeDriver
Command: [0797b2cecda7e1b7e84c972bf310977d, findElement {using=id, value=time-filter}]
Capabilities {acceptInsecureCerts: false, browserName: chrome, browserVersion: 131.0.6778.109, chrome: {chromedriverVersion: 131.0.6778.87 (ce31cae94873..., userDataDir: C:\WINDOWS\SystemTemp\scope...}, fedcm:accounts: true, goog:chromeOptions: {debuggerAddress: localhost:55321}, networkConnectionEnabled: false, pageLoadStrategy: normal, platformName: windows, proxy: Proxy(), se:cdp: ws://localhost:55321/devtoo..., se:cdpVersion: 131.0.6778.109, setWindowRect: true, strictFileInteractability: false, timeouts: {implicit: 0, pageLoad: 300000, script: 30000}, unhandledPromptBehavior: dismiss and notify, webauthn:extension:credBlob: true, webauthn:extension:largeBlob: true, webauthn:extension:minPinLength: true, webauthn:extension:prf: true, webauthn:virtualAuthenticators: true}
Session ID: 0797b2cecda7e1b7e84c972bf310977d
	at org.openqa.selenium.remote.ErrorCodec.decode(ErrorCodec.java:167)
	at org.openqa.selenium.remote.codec.w3c.W3CHttpResponseCodec.decode(W3CHttpResponseCodec.java:138)
	at org.openqa.selenium.remote.codec.w3c.W3CHttpResponseCodec.decode(W3CHttpResponseCodec.java:50)
	at org.openqa.selenium.remote.HttpCommandExecutor.execute(HttpCommandExecutor.java:190)
	at org.openqa.selenium.remote.service.DriverCommandExecutor.invokeExecute(DriverCommandExecutor.java:216)
	at org.openqa.selenium.remote.service.DriverCommandExecutor.execute(DriverCommandExecutor.java:174)
	at org.openqa.selenium.remote.RemoteWebDriver.execute(RemoteWebDriver.java:545)
	at org.openqa.selenium.remote.ElementLocation$ElementFinder$2.findElement(ElementLocation.java:165)
	at org.openqa.selenium.remote.ElementLocation.findElement(ElementLocation.java:59)
	at org.openqa.selenium.remote.RemoteWebDriver.findElement(RemoteWebDriver.java:368)
	at org.openqa.selenium.remote.RemoteWebDriver.findElement(RemoteWebDriver.java:362)
	at org.openqa.selenium.support.pagefactory.DefaultElementLocator.findElement(DefaultElementLocator.java:68)
	at org.openqa.selenium.support.pagefactory.internal.LocatingElementHandler.invoke(LocatingElementHandler.java:38)
	at jdk.proxy2/jdk.proxy2.$Proxy15.getTagName(Unknown Source)
	at org.openqa.selenium.support.ui.Select.&lt;init&gt;(Select.java:43)
	at ECommerce_Source.YourOrdersPage.Select_Time_Filter(YourOrdersPage.java:30)
	at ECommerce_TestCases.TestCase14.WriteReviews(TestCase14.java:44)
	at java.base/java.util.ArrayList.forEach(ArrayList.java:1597)
	at java.base/java.util.concurrent.FutureTask.run(FutureTask.java:317)
	at java.base/java.util.concurrent.ThreadPoolExecutor.runWorker(ThreadPoolExecutor.java:1144)
	at java.base/java.util.concurrent.ThreadPoolExecutor$Worker.run(ThreadPoolExecutor.java:642)
	at java.base/java.lang.Thread.run(Thread.java:1570)
... Removed 19 stack frames</div></td></tr></table><p class="totop"><a href="#summary">back to summary</a></p>
<h3 id="m8">ECommerce_TestCases.TestCase02#SignIn</h3><table class="result"><tr><th>Messages</th></tr><tr><td><div class="messages">Test Started<br/>Logged In Successfully<br/>Test Passed successfuly</div></td></tr></table><p class="totop"><a href="#summary">back to summary</a></p>
<h3 id="m9">ECommerce_TestCases.TestCase03#SignIn_Invalid_Password</h3><table class="result"><tr><th>Messages</th></tr><tr><td><div class="messages">Test Started<br/>There was a problem
Your password is incorrect<br/>Test Passed successfuly</div></td></tr></table><p class="totop"><a href="#summary">back to summary</a></p>
<h3 id="m10">ECommerce_TestCases.TestCase03#SignIn_Invalid_UN</h3><table class="result"><tr><th>Messages</th></tr><tr><td><div class="messages">Test Started<br/>Incorrect phone number
We cannot find an account with that mobile number<br/>Test Passed successfuly</div></td></tr></table><p class="totop"><a href="#summary">back to summary</a></p>
<h3 id="m11">ECommerce_TestCases.TestCase04#Edit_info_from_LoginSecurity</h3><table class="result"><tr><th>Messages</th></tr><tr><td><div class="messages">Test Started<br/>Test Passed successfuly</div></td></tr></table><p class="totop"><a href="#summary">back to summary</a></p>
<h3 id="m12">ECommerce_TestCases.TestCase05#SearchProduct_Test</h3><table class="result"><tr><th>Messages</th></tr><tr><td><div class="messages">Test Started<br/>Test Passed successfuly</div></td></tr></table><p class="totop"><a href="#summary">back to summary</a></p>
<h3 id="m13">ECommerce_TestCases.TestCase07#product_Info</h3><table class="result"><tr><th>Messages</th></tr><tr><td><div class="messages">Test Started<br/>All Product Details are present<br/>Test Passed successfuly</div></td></tr></table><p class="totop"><a href="#summary">back to summary</a></p>
<h3 id="m14">ECommerce_TestCases.TestCase09#AddToCartTest_ProdctDeatils_Pg</h3><table class="result"><tr><th>Messages</th></tr><tr><td><div class="messages">Test Started<br/>Test Passed successfuly</div></td></tr></table><p class="totop"><a href="#summary">back to summary</a></p>
<h3 id="m15">ECommerce_TestCases.TestCase12#PaymentMethod_Selection</h3><table class="result"><tr><th>Messages</th></tr><tr><td><div class="messages">Test Started<br/>Test Passed successfuly</div></td></tr></table><p class="totop"><a href="#summary">back to summary</a></p>
<h3 id="m16">ECommerce_TestCases.TestCase13#CheckOutProcess_Enter_PromoCode</h3><table class="result"><tr><th>Messages</th></tr><tr><td><div class="messages">Test Started<br/>Test Passed successfuly</div></td></tr></table><p class="totop"><a href="#summary">back to summary</a></p>
<h3 id="m17">ECommerce_TestCases.TestCase14#WriteReviews</h3><table class="result"><tr><th>Messages</th></tr><tr><td><div class="messages">Test Started<br/>Test Passed successfuly</div></td></tr></table><p class="totop"><a href="#summary">back to summary</a></p>
<h3 id="m18">ECommerce_TestCases.TestCase15#Reach_To_Cart_Test</h3><table class="result"><tr><th>Messages</th></tr><tr><td><div class="messages">Test Started<br/>Test Passed successfuly</div></td></tr></table><p class="totop"><a href="#summary">back to summary</a></p>
</body>
</html>
